[2025-10-08 15:25:39] local.ERROR: Database connection [sqlserver] not configured. {"exception":"[object] (InvalidArgumentException(code: 0): Database connection [sqlserver] not configured. at C:\\Users\\SirGohan\\OneDrive\\Documentos\\ProyectoLaravel\\CoinMarketCap\\crypto-investment\\vendor\\laravel\\framework\\src\\Illuminate\\Database\\DatabaseManager.php:221)
[stacktrace]
#0 C:\\Users\\SirGohan\\OneDrive\\Documentos\\ProyectoLaravel\\CoinMarketCap\\crypto-investment\\vendor\\laravel\\framework\\src\\Illuminate\\Database\\DatabaseManager.php(187): Illuminate\\Database\\DatabaseManager->configuration('sqlserver')
#1 C:\\Users\\SirGohan\\OneDrive\\Documentos\\ProyectoLaravel\\CoinMarketCap\\crypto-investment\\vendor\\laravel\\framework\\src\\Illuminate\\Database\\DatabaseManager.php(102): Illuminate\\Database\\DatabaseManager->makeConnection('sqlserver')
#2 C:\\Users\\SirGohan\\OneDrive\\Documentos\\ProyectoLaravel\\CoinMarketCap\\crypto-investment\\vendor\\laravel\\framework\\src\\Illuminate\\Database\\Migrations\\DatabaseMigrationRepository.php(227): Illuminate\\Database\\DatabaseManager->connection('sqlserver')
#3 C:\\Users\\SirGohan\\OneDrive\\Documentos\\ProyectoLaravel\\CoinMarketCap\\crypto-investment\\vendor\\laravel\\framework\\src\\Illuminate\\Database\\Migrations\\DatabaseMigrationRepository.php(183): Illuminate\\Database\\Migrations\\DatabaseMigrationRepository->getConnection()
#4 C:\\Users\\SirGohan\\OneDrive\\Documentos\\ProyectoLaravel\\CoinMarketCap\\crypto-investment\\vendor\\laravel\\framework\\src\\Illuminate\\Database\\Migrations\\Migrator.php(753): Illuminate\\Database\\Migrations\\DatabaseMigrationRepository->repositoryExists()
#5 C:\\Users\\SirGohan\\OneDrive\\Documentos\\ProyectoLaravel\\CoinMarketCap\\crypto-investment\\vendor\\laravel\\framework\\src\\Illuminate\\Database\\Console\\Migrations\\MigrateCommand.php(164): Illuminate\\Database\\Migrations\\Migrator->repositoryExists()
#6 C:\\Users\\SirGohan\\OneDrive\\Documentos\\ProyectoLaravel\\CoinMarketCap\\crypto-investment\\vendor\\laravel\\framework\\src\\Illuminate\\Support\\helpers.php(329): Illuminate\\Database\\Console\\Migrations\\MigrateCommand->Illuminate\\Database\\Console\\Migrations\\{closure}(1)
#7 C:\\Users\\SirGohan\\OneDrive\\Documentos\\ProyectoLaravel\\CoinMarketCap\\crypto-investment\\vendor\\laravel\\framework\\src\\Illuminate\\Database\\Console\\Migrations\\MigrateCommand.php(164): retry(1, Object(Closure), 0, Object(Closure))
#8 C:\\Users\\SirGohan\\OneDrive\\Documentos\\ProyectoLaravel\\CoinMarketCap\\crypto-investment\\vendor\\laravel\\framework\\src\\Illuminate\\Database\\Console\\Migrations\\MigrateCommand.php(140): Illuminate\\Database\\Console\\Migrations\\MigrateCommand->repositoryExists()
#9 C:\\Users\\SirGohan\\OneDrive\\Documentos\\ProyectoLaravel\\CoinMarketCap\\crypto-investment\\vendor\\laravel\\framework\\src\\Illuminate\\Database\\Console\\Migrations\\MigrateCommand.php(110): Illuminate\\Database\\Console\\Migrations\\MigrateCommand->prepareDatabase()
#10 C:\\Users\\SirGohan\\OneDrive\\Documentos\\ProyectoLaravel\\CoinMarketCap\\crypto-investment\\vendor\\laravel\\framework\\src\\Illuminate\\Database\\Migrations\\Migrator.php(666): Illuminate\\Database\\Console\\Migrations\\MigrateCommand->Illuminate\\Database\\Console\\Migrations\\{closure}()
#11 C:\\Users\\SirGohan\\OneDrive\\Documentos\\ProyectoLaravel\\CoinMarketCap\\crypto-investment\\vendor\\laravel\\framework\\src\\Illuminate\\Database\\Console\\Migrations\\MigrateCommand.php(109): Illuminate\\Database\\Migrations\\Migrator->usingConnection(NULL, Object(Closure))
#12 C:\\Users\\SirGohan\\OneDrive\\Documentos\\ProyectoLaravel\\CoinMarketCap\\crypto-investment\\vendor\\laravel\\framework\\src\\Illuminate\\Database\\Console\\Migrations\\MigrateCommand.php(88): Illuminate\\Database\\Console\\Migrations\\MigrateCommand->runMigrations()
#13 C:\\Users\\SirGohan\\OneDrive\\Documentos\\ProyectoLaravel\\CoinMarketCap\\crypto-investment\\vendor\\laravel\\framework\\src\\Illuminate\\Container\\BoundMethod.php(36): Illuminate\\Database\\Console\\Migrations\\MigrateCommand->handle()
#14 C:\\Users\\SirGohan\\OneDrive\\Documentos\\ProyectoLaravel\\CoinMarketCap\\crypto-investment\\vendor\\laravel\\framework\\src\\Illuminate\\Container\\Util.php(43): Illuminate\\Container\\BoundMethod::Illuminate\\Container\\{closure}()
#15 C:\\Users\\SirGohan\\OneDrive\\Documentos\\ProyectoLaravel\\CoinMarketCap\\crypto-investment\\vendor\\laravel\\framework\\src\\Illuminate\\Container\\BoundMethod.php(96): Illuminate\\Container\\Util::unwrapIfClosure(Object(Closure))
#16 C:\\Users\\SirGohan\\OneDrive\\Documentos\\ProyectoLaravel\\CoinMarketCap\\crypto-investment\\vendor\\laravel\\framework\\src\\Illuminate\\Container\\BoundMethod.php(35): Illuminate\\Container\\BoundMethod::callBoundMethod(Object(Illuminate\\Foundation\\Application), Array, Object(Closure))
#17 C:\\Users\\SirGohan\\OneDrive\\Documentos\\ProyectoLaravel\\CoinMarketCap\\crypto-investment\\vendor\\laravel\\framework\\src\\Illuminate\\Container\\Container.php(836): Illuminate\\Container\\BoundMethod::call(Object(Illuminate\\Foundation\\Application), Array, Array, NULL)
#18 C:\\Users\\SirGohan\\OneDrive\\Documentos\\ProyectoLaravel\\CoinMarketCap\\crypto-investment\\vendor\\laravel\\framework\\src\\Illuminate\\Console\\Command.php(211): Illuminate\\Container\\Container->call(Array)
#19 C:\\Users\\SirGohan\\OneDrive\\Documentos\\ProyectoLaravel\\CoinMarketCap\\crypto-investment\\vendor\\symfony\\console\\Command\\Command.php(318): Illuminate\\Console\\Command->execute(Object(Symfony\\Component\\Console\\Input\\ArgvInput), Object(Illuminate\\Console\\OutputStyle))
#20 C:\\Users\\SirGohan\\OneDrive\\Documentos\\ProyectoLaravel\\CoinMarketCap\\crypto-investment\\vendor\\laravel\\framework\\src\\Illuminate\\Console\\Command.php(180): Symfony\\Component\\Console\\Command\\Command->run(Object(Symfony\\Component\\Console\\Input\\ArgvInput), Object(Illuminate\\Console\\OutputStyle))
#21 C:\\Users\\SirGohan\\OneDrive\\Documentos\\ProyectoLaravel\\CoinMarketCap\\crypto-investment\\vendor\\symfony\\console\\Application.php(1110): Illuminate\\Console\\Command->run(Object(Symfony\\Component\\Console\\Input\\ArgvInput), Object(Symfony\\Component\\Console\\Output\\ConsoleOutput))
#22 C:\\Users\\SirGohan\\OneDrive\\Documentos\\ProyectoLaravel\\CoinMarketCap\\crypto-investment\\vendor\\symfony\\console\\Application.php(359): Symfony\\Component\\Console\\Application->doRunCommand(Object(Illuminate\\Database\\Console\\Migrations\\MigrateCommand), Object(Symfony\\Component\\Console\\Input\\ArgvInput), Object(Symfony\\Component\\Console\\Output\\ConsoleOutput))
#23 C:\\Users\\SirGohan\\OneDrive\\Documentos\\ProyectoLaravel\\CoinMarketCap\\crypto-investment\\vendor\\symfony\\console\\Application.php(194): Symfony\\Component\\Console\\Application->doRun(Object(Symfony\\Component\\Console\\Input\\ArgvInput), Object(Symfony\\Component\\Console\\Output\\ConsoleOutput))
#24 C:\\Users\\SirGohan\\OneDrive\\Documentos\\ProyectoLaravel\\CoinMarketCap\\crypto-investment\\vendor\\laravel\\framework\\src\\Illuminate\\Foundation\\Console\\Kernel.php(197): Symfony\\Component\\Console\\Application->run(Object(Symfony\\Component\\Console\\Input\\ArgvInput), Object(Symfony\\Component\\Console\\Output\\ConsoleOutput))
#25 C:\\Users\\SirGohan\\OneDrive\\Documentos\\ProyectoLaravel\\CoinMarketCap\\crypto-investment\\vendor\\laravel\\framework\\src\\Illuminate\\Foundation\\Application.php(1235): Illuminate\\Foundation\\Console\\Kernel->handle(Object(Symfony\\Component\\Console\\Input\\ArgvInput), Object(Symfony\\Component\\Console\\Output\\ConsoleOutput))
#26 C:\\Users\\SirGohan\\OneDrive\\Documentos\\ProyectoLaravel\\CoinMarketCap\\crypto-investment\\artisan(16): Illuminate\\Foundation\\Application->handleCommand(Object(Symfony\\Component\\Console\\Input\\ArgvInput))
#27 {main}
"} 
[2025-10-08 15:40:49] local.ERROR: Database connection [sqlserver] not configured. {"exception":"[object] (InvalidArgumentException(code: 0): Database connection [sqlserver] not configured. at C:\\Users\\SirGohan\\OneDrive\\Documentos\\ProyectoLaravel\\CoinMarketCap\\crypto-investment\\vendor\\laravel\\framework\\src\\Illuminate\\Database\\DatabaseManager.php:221)
[stacktrace]
#0 C:\\Users\\SirGohan\\OneDrive\\Documentos\\ProyectoLaravel\\CoinMarketCap\\crypto-investment\\vendor\\laravel\\framework\\src\\Illuminate\\Database\\DatabaseManager.php(187): Illuminate\\Database\\DatabaseManager->configuration('sqlserver')
#1 C:\\Users\\SirGohan\\OneDrive\\Documentos\\ProyectoLaravel\\CoinMarketCap\\crypto-investment\\vendor\\laravel\\framework\\src\\Illuminate\\Database\\DatabaseManager.php(102): Illuminate\\Database\\DatabaseManager->makeConnection('sqlserver')
#2 C:\\Users\\SirGohan\\OneDrive\\Documentos\\ProyectoLaravel\\CoinMarketCap\\crypto-investment\\vendor\\laravel\\framework\\src\\Illuminate\\Database\\Migrations\\DatabaseMigrationRepository.php(227): Illuminate\\Database\\DatabaseManager->connection('sqlserver')
#3 C:\\Users\\SirGohan\\OneDrive\\Documentos\\ProyectoLaravel\\CoinMarketCap\\crypto-investment\\vendor\\laravel\\framework\\src\\Illuminate\\Database\\Migrations\\DatabaseMigrationRepository.php(183): Illuminate\\Database\\Migrations\\DatabaseMigrationRepository->getConnection()
#4 C:\\Users\\SirGohan\\OneDrive\\Documentos\\ProyectoLaravel\\CoinMarketCap\\crypto-investment\\vendor\\laravel\\framework\\src\\Illuminate\\Database\\Migrations\\Migrator.php(753): Illuminate\\Database\\Migrations\\DatabaseMigrationRepository->repositoryExists()
#5 C:\\Users\\SirGohan\\OneDrive\\Documentos\\ProyectoLaravel\\CoinMarketCap\\crypto-investment\\vendor\\laravel\\framework\\src\\Illuminate\\Database\\Console\\Migrations\\MigrateCommand.php(164): Illuminate\\Database\\Migrations\\Migrator->repositoryExists()
#6 C:\\Users\\SirGohan\\OneDrive\\Documentos\\ProyectoLaravel\\CoinMarketCap\\crypto-investment\\vendor\\laravel\\framework\\src\\Illuminate\\Support\\helpers.php(329): Illuminate\\Database\\Console\\Migrations\\MigrateCommand->Illuminate\\Database\\Console\\Migrations\\{closure}(1)
#7 C:\\Users\\SirGohan\\OneDrive\\Documentos\\ProyectoLaravel\\CoinMarketCap\\crypto-investment\\vendor\\laravel\\framework\\src\\Illuminate\\Database\\Console\\Migrations\\MigrateCommand.php(164): retry(1, Object(Closure), 0, Object(Closure))
#8 C:\\Users\\SirGohan\\OneDrive\\Documentos\\ProyectoLaravel\\CoinMarketCap\\crypto-investment\\vendor\\laravel\\framework\\src\\Illuminate\\Database\\Console\\Migrations\\MigrateCommand.php(140): Illuminate\\Database\\Console\\Migrations\\MigrateCommand->repositoryExists()
#9 C:\\Users\\SirGohan\\OneDrive\\Documentos\\ProyectoLaravel\\CoinMarketCap\\crypto-investment\\vendor\\laravel\\framework\\src\\Illuminate\\Database\\Console\\Migrations\\MigrateCommand.php(110): Illuminate\\Database\\Console\\Migrations\\MigrateCommand->prepareDatabase()
#10 C:\\Users\\SirGohan\\OneDrive\\Documentos\\ProyectoLaravel\\CoinMarketCap\\crypto-investment\\vendor\\laravel\\framework\\src\\Illuminate\\Database\\Migrations\\Migrator.php(666): Illuminate\\Database\\Console\\Migrations\\MigrateCommand->Illuminate\\Database\\Console\\Migrations\\{closure}()
#11 C:\\Users\\SirGohan\\OneDrive\\Documentos\\ProyectoLaravel\\CoinMarketCap\\crypto-investment\\vendor\\laravel\\framework\\src\\Illuminate\\Database\\Console\\Migrations\\MigrateCommand.php(109): Illuminate\\Database\\Migrations\\Migrator->usingConnection(NULL, Object(Closure))
#12 C:\\Users\\SirGohan\\OneDrive\\Documentos\\ProyectoLaravel\\CoinMarketCap\\crypto-investment\\vendor\\laravel\\framework\\src\\Illuminate\\Database\\Console\\Migrations\\MigrateCommand.php(88): Illuminate\\Database\\Console\\Migrations\\MigrateCommand->runMigrations()
#13 C:\\Users\\SirGohan\\OneDrive\\Documentos\\ProyectoLaravel\\CoinMarketCap\\crypto-investment\\vendor\\laravel\\framework\\src\\Illuminate\\Container\\BoundMethod.php(36): Illuminate\\Database\\Console\\Migrations\\MigrateCommand->handle()
#14 C:\\Users\\SirGohan\\OneDrive\\Documentos\\ProyectoLaravel\\CoinMarketCap\\crypto-investment\\vendor\\laravel\\framework\\src\\Illuminate\\Container\\Util.php(43): Illuminate\\Container\\BoundMethod::Illuminate\\Container\\{closure}()
#15 C:\\Users\\SirGohan\\OneDrive\\Documentos\\ProyectoLaravel\\CoinMarketCap\\crypto-investment\\vendor\\laravel\\framework\\src\\Illuminate\\Container\\BoundMethod.php(96): Illuminate\\Container\\Util::unwrapIfClosure(Object(Closure))
#16 C:\\Users\\SirGohan\\OneDrive\\Documentos\\ProyectoLaravel\\CoinMarketCap\\crypto-investment\\vendor\\laravel\\framework\\src\\Illuminate\\Container\\BoundMethod.php(35): Illuminate\\Container\\BoundMethod::callBoundMethod(Object(Illuminate\\Foundation\\Application), Array, Object(Closure))
#17 C:\\Users\\SirGohan\\OneDrive\\Documentos\\ProyectoLaravel\\CoinMarketCap\\crypto-investment\\vendor\\laravel\\framework\\src\\Illuminate\\Container\\Container.php(836): Illuminate\\Container\\BoundMethod::call(Object(Illuminate\\Foundation\\Application), Array, Array, NULL)
#18 C:\\Users\\SirGohan\\OneDrive\\Documentos\\ProyectoLaravel\\CoinMarketCap\\crypto-investment\\vendor\\laravel\\framework\\src\\Illuminate\\Console\\Command.php(211): Illuminate\\Container\\Container->call(Array)
#19 C:\\Users\\SirGohan\\OneDrive\\Documentos\\ProyectoLaravel\\CoinMarketCap\\crypto-investment\\vendor\\symfony\\console\\Command\\Command.php(318): Illuminate\\Console\\Command->execute(Object(Symfony\\Component\\Console\\Input\\ArgvInput), Object(Illuminate\\Console\\OutputStyle))
#20 C:\\Users\\SirGohan\\OneDrive\\Documentos\\ProyectoLaravel\\CoinMarketCap\\crypto-investment\\vendor\\laravel\\framework\\src\\Illuminate\\Console\\Command.php(180): Symfony\\Component\\Console\\Command\\Command->run(Object(Symfony\\Component\\Console\\Input\\ArgvInput), Object(Illuminate\\Console\\OutputStyle))
#21 C:\\Users\\SirGohan\\OneDrive\\Documentos\\ProyectoLaravel\\CoinMarketCap\\crypto-investment\\vendor\\symfony\\console\\Application.php(1110): Illuminate\\Console\\Command->run(Object(Symfony\\Component\\Console\\Input\\ArgvInput), Object(Symfony\\Component\\Console\\Output\\ConsoleOutput))
#22 C:\\Users\\SirGohan\\OneDrive\\Documentos\\ProyectoLaravel\\CoinMarketCap\\crypto-investment\\vendor\\symfony\\console\\Application.php(359): Symfony\\Component\\Console\\Application->doRunCommand(Object(Illuminate\\Database\\Console\\Migrations\\MigrateCommand), Object(Symfony\\Component\\Console\\Input\\ArgvInput), Object(Symfony\\Component\\Console\\Output\\ConsoleOutput))
#23 C:\\Users\\SirGohan\\OneDrive\\Documentos\\ProyectoLaravel\\CoinMarketCap\\crypto-investment\\vendor\\symfony\\console\\Application.php(194): Symfony\\Component\\Console\\Application->doRun(Object(Symfony\\Component\\Console\\Input\\ArgvInput), Object(Symfony\\Component\\Console\\Output\\ConsoleOutput))
#24 C:\\Users\\SirGohan\\OneDrive\\Documentos\\ProyectoLaravel\\CoinMarketCap\\crypto-investment\\vendor\\laravel\\framework\\src\\Illuminate\\Foundation\\Console\\Kernel.php(197): Symfony\\Component\\Console\\Application->run(Object(Symfony\\Component\\Console\\Input\\ArgvInput), Object(Symfony\\Component\\Console\\Output\\ConsoleOutput))
#25 C:\\Users\\SirGohan\\OneDrive\\Documentos\\ProyectoLaravel\\CoinMarketCap\\crypto-investment\\vendor\\laravel\\framework\\src\\Illuminate\\Foundation\\Application.php(1235): Illuminate\\Foundation\\Console\\Kernel->handle(Object(Symfony\\Component\\Console\\Input\\ArgvInput), Object(Symfony\\Component\\Console\\Output\\ConsoleOutput))
#26 C:\\Users\\SirGohan\\OneDrive\\Documentos\\ProyectoLaravel\\CoinMarketCap\\crypto-investment\\artisan(16): Illuminate\\Foundation\\Application->handleCommand(Object(Symfony\\Component\\Console\\Input\\ArgvInput))
#27 {main}
"} 
[2025-10-08 15:54:18] local.ERROR: could not find driver (Connection: sqlsrv, SQL: select (case when object_id(N'migrations', 'U') is null then 0 else 1 end) as [exists]) {"exception":"[object] (Illuminate\\Database\\QueryException(code: 0): could not find driver (Connection: sqlsrv, SQL: select (case when object_id(N'migrations', 'U') is null then 0 else 1 end) as [exists]) at C:\\Users\\SirGohan\\OneDrive\\Documentos\\ProyectoLaravel\\CoinMarketCap\\crypto-investment\\crypto-investment\\vendor\\laravel\\framework\\src\\Illuminate\\Database\\Connection.php:824)
[stacktrace]
#0 C:\\Users\\SirGohan\\OneDrive\\Documentos\\ProyectoLaravel\\CoinMarketCap\\crypto-investment\\crypto-investment\\vendor\\laravel\\framework\\src\\Illuminate\\Database\\Connection.php(778): Illuminate\\Database\\Connection->runQueryCallback('select (case wh...', Array, Object(Closure))
#1 C:\\Users\\SirGohan\\OneDrive\\Documentos\\ProyectoLaravel\\CoinMarketCap\\crypto-investment\\crypto-investment\\vendor\\laravel\\framework\\src\\Illuminate\\Database\\Connection.php(397): Illuminate\\Database\\Connection->run('select (case wh...', Array, Object(Closure))
#2 C:\\Users\\SirGohan\\OneDrive\\Documentos\\ProyectoLaravel\\CoinMarketCap\\crypto-investment\\crypto-investment\\vendor\\laravel\\framework\\src\\Illuminate\\Database\\Connection.php(343): Illuminate\\Database\\Connection->select('select (case wh...', Array, true)
#3 C:\\Users\\SirGohan\\OneDrive\\Documentos\\ProyectoLaravel\\CoinMarketCap\\crypto-investment\\crypto-investment\\vendor\\laravel\\framework\\src\\Illuminate\\Database\\Connection.php(360): Illuminate\\Database\\Connection->selectOne('select (case wh...', Array, true)
#4 C:\\Users\\SirGohan\\OneDrive\\Documentos\\ProyectoLaravel\\CoinMarketCap\\crypto-investment\\crypto-investment\\vendor\\laravel\\framework\\src\\Illuminate\\Database\\Schema\\Builder.php(174): Illuminate\\Database\\Connection->scalar('select (case wh...')
#5 C:\\Users\\SirGohan\\OneDrive\\Documentos\\ProyectoLaravel\\CoinMarketCap\\crypto-investment\\crypto-investment\\vendor\\laravel\\framework\\src\\Illuminate\\Database\\Migrations\\DatabaseMigrationRepository.php(185): Illuminate\\Database\\Schema\\Builder->hasTable('migrations')
#6 C:\\Users\\SirGohan\\OneDrive\\Documentos\\ProyectoLaravel\\CoinMarketCap\\crypto-investment\\crypto-investment\\vendor\\laravel\\framework\\src\\Illuminate\\Database\\Migrations\\Migrator.php(753): Illuminate\\Database\\Migrations\\DatabaseMigrationRepository->repositoryExists()
#7 C:\\Users\\SirGohan\\OneDrive\\Documentos\\ProyectoLaravel\\CoinMarketCap\\crypto-investment\\crypto-investment\\vendor\\laravel\\framework\\src\\Illuminate\\Database\\Console\\Migrations\\MigrateCommand.php(164): Illuminate\\Database\\Migrations\\Migrator->repositoryExists()
#8 C:\\Users\\SirGohan\\OneDrive\\Documentos\\ProyectoLaravel\\CoinMarketCap\\crypto-investment\\crypto-investment\\vendor\\laravel\\framework\\src\\Illuminate\\Support\\helpers.php(329): Illuminate\\Database\\Console\\Migrations\\MigrateCommand->Illuminate\\Database\\Console\\Migrations\\{closure}(1)
#9 C:\\Users\\SirGohan\\OneDrive\\Documentos\\ProyectoLaravel\\CoinMarketCap\\crypto-investment\\crypto-investment\\vendor\\laravel\\framework\\src\\Illuminate\\Database\\Console\\Migrations\\MigrateCommand.php(164): retry(1, Object(Closure), 0, Object(Closure))
#10 C:\\Users\\SirGohan\\OneDrive\\Documentos\\ProyectoLaravel\\CoinMarketCap\\crypto-investment\\crypto-investment\\vendor\\laravel\\framework\\src\\Illuminate\\Database\\Console\\Migrations\\MigrateCommand.php(140): Illuminate\\Database\\Console\\Migrations\\MigrateCommand->repositoryExists()
#11 C:\\Users\\SirGohan\\OneDrive\\Documentos\\ProyectoLaravel\\CoinMarketCap\\crypto-investment\\crypto-investment\\vendor\\laravel\\framework\\src\\Illuminate\\Database\\Console\\Migrations\\MigrateCommand.php(110): Illuminate\\Database\\Console\\Migrations\\MigrateCommand->prepareDatabase()
#12 C:\\Users\\SirGohan\\OneDrive\\Documentos\\ProyectoLaravel\\CoinMarketCap\\crypto-investment\\crypto-investment\\vendor\\laravel\\framework\\src\\Illuminate\\Database\\Migrations\\Migrator.php(666): Illuminate\\Database\\Console\\Migrations\\MigrateCommand->Illuminate\\Database\\Console\\Migrations\\{closure}()
#13 C:\\Users\\SirGohan\\OneDrive\\Documentos\\ProyectoLaravel\\CoinMarketCap\\crypto-investment\\crypto-investment\\vendor\\laravel\\framework\\src\\Illuminate\\Database\\Console\\Migrations\\MigrateCommand.php(109): Illuminate\\Database\\Migrations\\Migrator->usingConnection(NULL, Object(Closure))
#14 C:\\Users\\SirGohan\\OneDrive\\Documentos\\ProyectoLaravel\\CoinMarketCap\\crypto-investment\\crypto-investment\\vendor\\laravel\\framework\\src\\Illuminate\\Database\\Console\\Migrations\\MigrateCommand.php(88): Illuminate\\Database\\Console\\Migrations\\MigrateCommand->runMigrations()
#15 C:\\Users\\SirGohan\\OneDrive\\Documentos\\ProyectoLaravel\\CoinMarketCap\\crypto-investment\\crypto-investment\\vendor\\laravel\\framework\\src\\Illuminate\\Container\\BoundMethod.php(36): Illuminate\\Database\\Console\\Migrations\\MigrateCommand->handle()
#16 C:\\Users\\SirGohan\\OneDrive\\Documentos\\ProyectoLaravel\\CoinMarketCap\\crypto-investment\\crypto-investment\\vendor\\laravel\\framework\\src\\Illuminate\\Container\\Util.php(43): Illuminate\\Container\\BoundMethod::Illuminate\\Container\\{closure}()
#17 C:\\Users\\SirGohan\\OneDrive\\Documentos\\ProyectoLaravel\\CoinMarketCap\\crypto-investment\\crypto-investment\\vendor\\laravel\\framework\\src\\Illuminate\\Container\\BoundMethod.php(96): Illuminate\\Container\\Util::unwrapIfClosure(Object(Closure))
#18 C:\\Users\\SirGohan\\OneDrive\\Documentos\\ProyectoLaravel\\CoinMarketCap\\crypto-investment\\crypto-investment\\vendor\\laravel\\framework\\src\\Illuminate\\Container\\BoundMethod.php(35): Illuminate\\Container\\BoundMethod::callBoundMethod(Object(Illuminate\\Foundation\\Application), Array, Object(Closure))
#19 C:\\Users\\SirGohan\\OneDrive\\Documentos\\ProyectoLaravel\\CoinMarketCap\\crypto-investment\\crypto-investment\\vendor\\laravel\\framework\\src\\Illuminate\\Container\\Container.php(836): Illuminate\\Container\\BoundMethod::call(Object(Illuminate\\Foundation\\Application), Array, Array, NULL)
#20 C:\\Users\\SirGohan\\OneDrive\\Documentos\\ProyectoLaravel\\CoinMarketCap\\crypto-investment\\crypto-investment\\vendor\\laravel\\framework\\src\\Illuminate\\Console\\Command.php(211): Illuminate\\Container\\Container->call(Array)
#21 C:\\Users\\SirGohan\\OneDrive\\Documentos\\ProyectoLaravel\\CoinMarketCap\\crypto-investment\\crypto-investment\\vendor\\symfony\\console\\Command\\Command.php(318): Illuminate\\Console\\Command->execute(Object(Symfony\\Component\\Console\\Input\\ArgvInput), Object(Illuminate\\Console\\OutputStyle))
#22 C:\\Users\\SirGohan\\OneDrive\\Documentos\\ProyectoLaravel\\CoinMarketCap\\crypto-investment\\crypto-investment\\vendor\\laravel\\framework\\src\\Illuminate\\Console\\Command.php(180): Symfony\\Component\\Console\\Command\\Command->run(Object(Symfony\\Component\\Console\\Input\\ArgvInput), Object(Illuminate\\Console\\OutputStyle))
#23 C:\\Users\\SirGohan\\OneDrive\\Documentos\\ProyectoLaravel\\CoinMarketCap\\crypto-investment\\crypto-investment\\vendor\\symfony\\console\\Application.php(1110): Illuminate\\Console\\Command->run(Object(Symfony\\Component\\Console\\Input\\ArgvInput), Object(Symfony\\Component\\Console\\Output\\ConsoleOutput))
#24 C:\\Users\\SirGohan\\OneDrive\\Documentos\\ProyectoLaravel\\CoinMarketCap\\crypto-investment\\crypto-investment\\vendor\\symfony\\console\\Application.php(359): Symfony\\Component\\Console\\Application->doRunCommand(Object(Illuminate\\Database\\Console\\Migrations\\MigrateCommand), Object(Symfony\\Component\\Console\\Input\\ArgvInput), Object(Symfony\\Component\\Console\\Output\\ConsoleOutput))
#25 C:\\Users\\SirGohan\\OneDrive\\Documentos\\ProyectoLaravel\\CoinMarketCap\\crypto-investment\\crypto-investment\\vendor\\symfony\\console\\Application.php(194): Symfony\\Component\\Console\\Application->doRun(Object(Symfony\\Component\\Console\\Input\\ArgvInput), Object(Symfony\\Component\\Console\\Output\\ConsoleOutput))
#26 C:\\Users\\SirGohan\\OneDrive\\Documentos\\ProyectoLaravel\\CoinMarketCap\\crypto-investment\\crypto-investment\\vendor\\laravel\\framework\\src\\Illuminate\\Foundation\\Console\\Kernel.php(197): Symfony\\Component\\Console\\Application->run(Object(Symfony\\Component\\Console\\Input\\ArgvInput), Object(Symfony\\Component\\Console\\Output\\ConsoleOutput))
#27 C:\\Users\\SirGohan\\OneDrive\\Documentos\\ProyectoLaravel\\CoinMarketCap\\crypto-investment\\crypto-investment\\vendor\\laravel\\framework\\src\\Illuminate\\Foundation\\Application.php(1235): Illuminate\\Foundation\\Console\\Kernel->handle(Object(Symfony\\Component\\Console\\Input\\ArgvInput), Object(Symfony\\Component\\Console\\Output\\ConsoleOutput))
#28 C:\\Users\\SirGohan\\OneDrive\\Documentos\\ProyectoLaravel\\CoinMarketCap\\crypto-investment\\crypto-investment\\artisan(16): Illuminate\\Foundation\\Application->handleCommand(Object(Symfony\\Component\\Console\\Input\\ArgvInput))
#29 {main}

[previous exception] [object] (PDOException(code: 0): could not find driver at C:\\Users\\SirGohan\\OneDrive\\Documentos\\ProyectoLaravel\\CoinMarketCap\\crypto-investment\\crypto-investment\\vendor\\laravel\\framework\\src\\Illuminate\\Database\\Connectors\\Connector.php:66)
[stacktrace]
#0 C:\\Users\\SirGohan\\OneDrive\\Documentos\\ProyectoLaravel\\CoinMarketCap\\crypto-investment\\crypto-investment\\vendor\\laravel\\framework\\src\\Illuminate\\Database\\Connectors\\Connector.php(66): PDO->__construct('dblib:host=DESK...', 'smartadmin', Object(SensitiveParameterValue), Array)
#1 C:\\Users\\SirGohan\\OneDrive\\Documentos\\ProyectoLaravel\\CoinMarketCap\\crypto-investment\\crypto-investment\\vendor\\laravel\\framework\\src\\Illuminate\\Database\\Connectors\\Connector.php(44): Illuminate\\Database\\Connectors\\Connector->createPdoConnection('dblib:host=DESK...', 'smartadmin', Object(SensitiveParameterValue), Array)
#2 C:\\Users\\SirGohan\\OneDrive\\Documentos\\ProyectoLaravel\\CoinMarketCap\\crypto-investment\\crypto-investment\\vendor\\laravel\\framework\\src\\Illuminate\\Database\\Connectors\\SqlServerConnector.php(32): Illuminate\\Database\\Connectors\\Connector->createConnection('dblib:host=DESK...', Array, Array)
#3 C:\\Users\\SirGohan\\OneDrive\\Documentos\\ProyectoLaravel\\CoinMarketCap\\crypto-investment\\crypto-investment\\vendor\\laravel\\framework\\src\\Illuminate\\Database\\Connectors\\ConnectionFactory.php(184): Illuminate\\Database\\Connectors\\SqlServerConnector->connect(Array)
#4 [internal function]: Illuminate\\Database\\Connectors\\ConnectionFactory->Illuminate\\Database\\Connectors\\{closure}()
#5 C:\\Users\\SirGohan\\OneDrive\\Documentos\\ProyectoLaravel\\CoinMarketCap\\crypto-investment\\crypto-investment\\vendor\\laravel\\framework\\src\\Illuminate\\Database\\Connection.php(1230): call_user_func(Object(Closure))
#6 C:\\Users\\SirGohan\\OneDrive\\Documentos\\ProyectoLaravel\\CoinMarketCap\\crypto-investment\\crypto-investment\\vendor\\laravel\\framework\\src\\Illuminate\\Database\\Connection.php(1266): Illuminate\\Database\\Connection->getPdo()
#7 C:\\Users\\SirGohan\\OneDrive\\Documentos\\ProyectoLaravel\\CoinMarketCap\\crypto-investment\\crypto-investment\\vendor\\laravel\\framework\\src\\Illuminate\\Database\\Connection.php(511): Illuminate\\Database\\Connection->getReadPdo()
#8 C:\\Users\\SirGohan\\OneDrive\\Documentos\\ProyectoLaravel\\CoinMarketCap\\crypto-investment\\crypto-investment\\vendor\\laravel\\framework\\src\\Illuminate\\Database\\Connection.php(406): Illuminate\\Database\\Connection->getPdoForSelect(true)
#9 C:\\Users\\SirGohan\\OneDrive\\Documentos\\ProyectoLaravel\\CoinMarketCap\\crypto-investment\\crypto-investment\\vendor\\laravel\\framework\\src\\Illuminate\\Database\\Connection.php(811): Illuminate\\Database\\Connection->Illuminate\\Database\\{closure}('select (case wh...', Array)
#10 C:\\Users\\SirGohan\\OneDrive\\Documentos\\ProyectoLaravel\\CoinMarketCap\\crypto-investment\\crypto-investment\\vendor\\laravel\\framework\\src\\Illuminate\\Database\\Connection.php(778): Illuminate\\Database\\Connection->runQueryCallback('select (case wh...', Array, Object(Closure))
#11 C:\\Users\\SirGohan\\OneDrive\\Documentos\\ProyectoLaravel\\CoinMarketCap\\crypto-investment\\crypto-investment\\vendor\\laravel\\framework\\src\\Illuminate\\Database\\Connection.php(397): Illuminate\\Database\\Connection->run('select (case wh...', Array, Object(Closure))
#12 C:\\Users\\SirGohan\\OneDrive\\Documentos\\ProyectoLaravel\\CoinMarketCap\\crypto-investment\\crypto-investment\\vendor\\laravel\\framework\\src\\Illuminate\\Database\\Connection.php(343): Illuminate\\Database\\Connection->select('select (case wh...', Array, true)
#13 C:\\Users\\SirGohan\\OneDrive\\Documentos\\ProyectoLaravel\\CoinMarketCap\\crypto-investment\\crypto-investment\\vendor\\laravel\\framework\\src\\Illuminate\\Database\\Connection.php(360): Illuminate\\Database\\Connection->selectOne('select (case wh...', Array, true)
#14 C:\\Users\\SirGohan\\OneDrive\\Documentos\\ProyectoLaravel\\CoinMarketCap\\crypto-investment\\crypto-investment\\vendor\\laravel\\framework\\src\\Illuminate\\Database\\Schema\\Builder.php(174): Illuminate\\Database\\Connection->scalar('select (case wh...')
#15 C:\\Users\\SirGohan\\OneDrive\\Documentos\\ProyectoLaravel\\CoinMarketCap\\crypto-investment\\crypto-investment\\vendor\\laravel\\framework\\src\\Illuminate\\Database\\Migrations\\DatabaseMigrationRepository.php(185): Illuminate\\Database\\Schema\\Builder->hasTable('migrations')
#16 C:\\Users\\SirGohan\\OneDrive\\Documentos\\ProyectoLaravel\\CoinMarketCap\\crypto-investment\\crypto-investment\\vendor\\laravel\\framework\\src\\Illuminate\\Database\\Migrations\\Migrator.php(753): Illuminate\\Database\\Migrations\\DatabaseMigrationRepository->repositoryExists()
#17 C:\\Users\\SirGohan\\OneDrive\\Documentos\\ProyectoLaravel\\CoinMarketCap\\crypto-investment\\crypto-investment\\vendor\\laravel\\framework\\src\\Illuminate\\Database\\Console\\Migrations\\MigrateCommand.php(164): Illuminate\\Database\\Migrations\\Migrator->repositoryExists()
#18 C:\\Users\\SirGohan\\OneDrive\\Documentos\\ProyectoLaravel\\CoinMarketCap\\crypto-investment\\crypto-investment\\vendor\\laravel\\framework\\src\\Illuminate\\Support\\helpers.php(329): Illuminate\\Database\\Console\\Migrations\\MigrateCommand->Illuminate\\Database\\Console\\Migrations\\{closure}(1)
#19 C:\\Users\\SirGohan\\OneDrive\\Documentos\\ProyectoLaravel\\CoinMarketCap\\crypto-investment\\crypto-investment\\vendor\\laravel\\framework\\src\\Illuminate\\Database\\Console\\Migrations\\MigrateCommand.php(164): retry(1, Object(Closure), 0, Object(Closure))
#20 C:\\Users\\SirGohan\\OneDrive\\Documentos\\ProyectoLaravel\\CoinMarketCap\\crypto-investment\\crypto-investment\\vendor\\laravel\\framework\\src\\Illuminate\\Database\\Console\\Migrations\\MigrateCommand.php(140): Illuminate\\Database\\Console\\Migrations\\MigrateCommand->repositoryExists()
#21 C:\\Users\\SirGohan\\OneDrive\\Documentos\\ProyectoLaravel\\CoinMarketCap\\crypto-investment\\crypto-investment\\vendor\\laravel\\framework\\src\\Illuminate\\Database\\Console\\Migrations\\MigrateCommand.php(110): Illuminate\\Database\\Console\\Migrations\\MigrateCommand->prepareDatabase()
#22 C:\\Users\\SirGohan\\OneDrive\\Documentos\\ProyectoLaravel\\CoinMarketCap\\crypto-investment\\crypto-investment\\vendor\\laravel\\framework\\src\\Illuminate\\Database\\Migrations\\Migrator.php(666): Illuminate\\Database\\Console\\Migrations\\MigrateCommand->Illuminate\\Database\\Console\\Migrations\\{closure}()
#23 C:\\Users\\SirGohan\\OneDrive\\Documentos\\ProyectoLaravel\\CoinMarketCap\\crypto-investment\\crypto-investment\\vendor\\laravel\\framework\\src\\Illuminate\\Database\\Console\\Migrations\\MigrateCommand.php(109): Illuminate\\Database\\Migrations\\Migrator->usingConnection(NULL, Object(Closure))
#24 C:\\Users\\SirGohan\\OneDrive\\Documentos\\ProyectoLaravel\\CoinMarketCap\\crypto-investment\\crypto-investment\\vendor\\laravel\\framework\\src\\Illuminate\\Database\\Console\\Migrations\\MigrateCommand.php(88): Illuminate\\Database\\Console\\Migrations\\MigrateCommand->runMigrations()
#25 C:\\Users\\SirGohan\\OneDrive\\Documentos\\ProyectoLaravel\\CoinMarketCap\\crypto-investment\\crypto-investment\\vendor\\laravel\\framework\\src\\Illuminate\\Container\\BoundMethod.php(36): Illuminate\\Database\\Console\\Migrations\\MigrateCommand->handle()
#26 C:\\Users\\SirGohan\\OneDrive\\Documentos\\ProyectoLaravel\\CoinMarketCap\\crypto-investment\\crypto-investment\\vendor\\laravel\\framework\\src\\Illuminate\\Container\\Util.php(43): Illuminate\\Container\\BoundMethod::Illuminate\\Container\\{closure}()
#27 C:\\Users\\SirGohan\\OneDrive\\Documentos\\ProyectoLaravel\\CoinMarketCap\\crypto-investment\\crypto-investment\\vendor\\laravel\\framework\\src\\Illuminate\\Container\\BoundMethod.php(96): Illuminate\\Container\\Util::unwrapIfClosure(Object(Closure))
#28 C:\\Users\\SirGohan\\OneDrive\\Documentos\\ProyectoLaravel\\CoinMarketCap\\crypto-investment\\crypto-investment\\vendor\\laravel\\framework\\src\\Illuminate\\Container\\BoundMethod.php(35): Illuminate\\Container\\BoundMethod::callBoundMethod(Object(Illuminate\\Foundation\\Application), Array, Object(Closure))
#29 C:\\Users\\SirGohan\\OneDrive\\Documentos\\ProyectoLaravel\\CoinMarketCap\\crypto-investment\\crypto-investment\\vendor\\laravel\\framework\\src\\Illuminate\\Container\\Container.php(836): Illuminate\\Container\\BoundMethod::call(Object(Illuminate\\Foundation\\Application), Array, Array, NULL)
#30 C:\\Users\\SirGohan\\OneDrive\\Documentos\\ProyectoLaravel\\CoinMarketCap\\crypto-investment\\crypto-investment\\vendor\\laravel\\framework\\src\\Illuminate\\Console\\Command.php(211): Illuminate\\Container\\Container->call(Array)
#31 C:\\Users\\SirGohan\\OneDrive\\Documentos\\ProyectoLaravel\\CoinMarketCap\\crypto-investment\\crypto-investment\\vendor\\symfony\\console\\Command\\Command.php(318): Illuminate\\Console\\Command->execute(Object(Symfony\\Component\\Console\\Input\\ArgvInput), Object(Illuminate\\Console\\OutputStyle))
#32 C:\\Users\\SirGohan\\OneDrive\\Documentos\\ProyectoLaravel\\CoinMarketCap\\crypto-investment\\crypto-investment\\vendor\\laravel\\framework\\src\\Illuminate\\Console\\Command.php(180): Symfony\\Component\\Console\\Command\\Command->run(Object(Symfony\\Component\\Console\\Input\\ArgvInput), Object(Illuminate\\Console\\OutputStyle))
#33 C:\\Users\\SirGohan\\OneDrive\\Documentos\\ProyectoLaravel\\CoinMarketCap\\crypto-investment\\crypto-investment\\vendor\\symfony\\console\\Application.php(1110): Illuminate\\Console\\Command->run(Object(Symfony\\Component\\Console\\Input\\ArgvInput), Object(Symfony\\Component\\Console\\Output\\ConsoleOutput))
#34 C:\\Users\\SirGohan\\OneDrive\\Documentos\\ProyectoLaravel\\CoinMarketCap\\crypto-investment\\crypto-investment\\vendor\\symfony\\console\\Application.php(359): Symfony\\Component\\Console\\Application->doRunCommand(Object(Illuminate\\Database\\Console\\Migrations\\MigrateCommand), Object(Symfony\\Component\\Console\\Input\\ArgvInput), Object(Symfony\\Component\\Console\\Output\\ConsoleOutput))
#35 C:\\Users\\SirGohan\\OneDrive\\Documentos\\ProyectoLaravel\\CoinMarketCap\\crypto-investment\\crypto-investment\\vendor\\symfony\\console\\Application.php(194): Symfony\\Component\\Console\\Application->doRun(Object(Symfony\\Component\\Console\\Input\\ArgvInput), Object(Symfony\\Component\\Console\\Output\\ConsoleOutput))
#36 C:\\Users\\SirGohan\\OneDrive\\Documentos\\ProyectoLaravel\\CoinMarketCap\\crypto-investment\\crypto-investment\\vendor\\laravel\\framework\\src\\Illuminate\\Foundation\\Console\\Kernel.php(197): Symfony\\Component\\Console\\Application->run(Object(Symfony\\Component\\Console\\Input\\ArgvInput), Object(Symfony\\Component\\Console\\Output\\ConsoleOutput))
#37 C:\\Users\\SirGohan\\OneDrive\\Documentos\\ProyectoLaravel\\CoinMarketCap\\crypto-investment\\crypto-investment\\vendor\\laravel\\framework\\src\\Illuminate\\Foundation\\Application.php(1235): Illuminate\\Foundation\\Console\\Kernel->handle(Object(Symfony\\Component\\Console\\Input\\ArgvInput), Object(Symfony\\Component\\Console\\Output\\ConsoleOutput))
#38 C:\\Users\\SirGohan\\OneDrive\\Documentos\\ProyectoLaravel\\CoinMarketCap\\crypto-investment\\crypto-investment\\artisan(16): Illuminate\\Foundation\\Application->handleCommand(Object(Symfony\\Component\\Console\\Input\\ArgvInput))
#39 {main}
"} 
[2025-10-08 15:59:34] local.ERROR: could not find driver (Connection: sqlsrv, SQL: select top 1 * from [sessions] where [id] = v88lOFyYOfwFU5WocQErDcUBjwHMn0EwmQjJ9kSF) {"exception":"[object] (Illuminate\\Database\\QueryException(code: 0): could not find driver (Connection: sqlsrv, SQL: select top 1 * from [sessions] where [id] = v88lOFyYOfwFU5WocQErDcUBjwHMn0EwmQjJ9kSF) at C:\\Users\\SirGohan\\OneDrive\\Documentos\\ProyectoLaravel\\CoinMarketCap\\crypto-investment\\crypto-investment\\vendor\\laravel\\framework\\src\\Illuminate\\Database\\Connection.php:824)
[stacktrace]
#0 C:\\Users\\SirGohan\\OneDrive\\Documentos\\ProyectoLaravel\\CoinMarketCap\\crypto-investment\\crypto-investment\\vendor\\laravel\\framework\\src\\Illuminate\\Database\\Connection.php(778): Illuminate\\Database\\Connection->runQueryCallback('select top 1 * ...', Array, Object(Closure))
#1 C:\\Users\\SirGohan\\OneDrive\\Documentos\\ProyectoLaravel\\CoinMarketCap\\crypto-investment\\crypto-investment\\vendor\\laravel\\framework\\src\\Illuminate\\Database\\Connection.php(397): Illuminate\\Database\\Connection->run('select top 1 * ...', Array, Object(Closure))
#2 C:\\Users\\SirGohan\\OneDrive\\Documentos\\ProyectoLaravel\\CoinMarketCap\\crypto-investment\\crypto-investment\\vendor\\laravel\\framework\\src\\Illuminate\\Database\\Query\\Builder.php(3188): Illuminate\\Database\\Connection->select('select top 1 * ...', Array, false)
#3 C:\\Users\\SirGohan\\OneDrive\\Documentos\\ProyectoLaravel\\CoinMarketCap\\crypto-investment\\crypto-investment\\vendor\\laravel\\framework\\src\\Illuminate\\Database\\Query\\Builder.php(3173): Illuminate\\Database\\Query\\Builder->runSelect()
#4 C:\\Users\\SirGohan\\OneDrive\\Documentos\\ProyectoLaravel\\CoinMarketCap\\crypto-investment\\crypto-investment\\vendor\\laravel\\framework\\src\\Illuminate\\Database\\Query\\Builder.php(3763): Illuminate\\Database\\Query\\Builder->Illuminate\\Database\\Query\\{closure}()
#5 C:\\Users\\SirGohan\\OneDrive\\Documentos\\ProyectoLaravel\\CoinMarketCap\\crypto-investment\\crypto-investment\\vendor\\laravel\\framework\\src\\Illuminate\\Database\\Query\\Builder.php(3172): Illuminate\\Database\\Query\\Builder->onceWithColumns(Array, Object(Closure))
#6 C:\\Users\\SirGohan\\OneDrive\\Documentos\\ProyectoLaravel\\CoinMarketCap\\crypto-investment\\crypto-investment\\vendor\\laravel\\framework\\src\\Illuminate\\Database\\Concerns\\BuildsQueries.php(366): Illuminate\\Database\\Query\\Builder->get(Array)
#7 C:\\Users\\SirGohan\\OneDrive\\Documentos\\ProyectoLaravel\\CoinMarketCap\\crypto-investment\\crypto-investment\\vendor\\laravel\\framework\\src\\Illuminate\\Database\\Query\\Builder.php(3095): Illuminate\\Database\\Query\\Builder->first(Array)
#8 C:\\Users\\SirGohan\\OneDrive\\Documentos\\ProyectoLaravel\\CoinMarketCap\\crypto-investment\\crypto-investment\\vendor\\laravel\\framework\\src\\Illuminate\\Session\\DatabaseSessionHandler.php(96): Illuminate\\Database\\Query\\Builder->find('v88lOFyYOfwFU5W...')
#9 C:\\Users\\SirGohan\\OneDrive\\Documentos\\ProyectoLaravel\\CoinMarketCap\\crypto-investment\\crypto-investment\\vendor\\laravel\\framework\\src\\Illuminate\\Session\\Store.php(117): Illuminate\\Session\\DatabaseSessionHandler->read('v88lOFyYOfwFU5W...')
#10 C:\\Users\\SirGohan\\OneDrive\\Documentos\\ProyectoLaravel\\CoinMarketCap\\crypto-investment\\crypto-investment\\vendor\\laravel\\framework\\src\\Illuminate\\Session\\Store.php(105): Illuminate\\Session\\Store->readFromHandler()
#11 C:\\Users\\SirGohan\\OneDrive\\Documentos\\ProyectoLaravel\\CoinMarketCap\\crypto-investment\\crypto-investment\\vendor\\laravel\\framework\\src\\Illuminate\\Session\\Store.php(89): Illuminate\\Session\\Store->loadSession()
#12 C:\\Users\\SirGohan\\OneDrive\\Documentos\\ProyectoLaravel\\CoinMarketCap\\crypto-investment\\crypto-investment\\vendor\\laravel\\framework\\src\\Illuminate\\Session\\Middleware\\StartSession.php(146): Illuminate\\Session\\Store->start()
#13 C:\\Users\\SirGohan\\OneDrive\\Documentos\\ProyectoLaravel\\CoinMarketCap\\crypto-investment\\crypto-investment\\vendor\\laravel\\framework\\src\\Illuminate\\Support\\helpers.php(390): Illuminate\\Session\\Middleware\\StartSession->Illuminate\\Session\\Middleware\\{closure}(Object(Illuminate\\Session\\Store))
#14 C:\\Users\\SirGohan\\OneDrive\\Documentos\\ProyectoLaravel\\CoinMarketCap\\crypto-investment\\crypto-investment\\vendor\\laravel\\framework\\src\\Illuminate\\Session\\Middleware\\StartSession.php(143): tap(Object(Illuminate\\Session\\Store), Object(Closure))
#15 C:\\Users\\SirGohan\\OneDrive\\Documentos\\ProyectoLaravel\\CoinMarketCap\\crypto-investment\\crypto-investment\\vendor\\laravel\\framework\\src\\Illuminate\\Session\\Middleware\\StartSession.php(115): Illuminate\\Session\\Middleware\\StartSession->startSession(Object(Illuminate\\Http\\Request), Object(Illuminate\\Session\\Store))
#16 C:\\Users\\SirGohan\\OneDrive\\Documentos\\ProyectoLaravel\\CoinMarketCap\\crypto-investment\\crypto-investment\\vendor\\laravel\\framework\\src\\Illuminate\\Session\\Middleware\\StartSession.php(63): Illuminate\\Session\\Middleware\\StartSession->handleStatefulRequest(Object(Illuminate\\Http\\Request), Object(Illuminate\\Session\\Store), Object(Closure))
#17 C:\\Users\\SirGohan\\OneDrive\\Documentos\\ProyectoLaravel\\CoinMarketCap\\crypto-investment\\crypto-investment\\vendor\\laravel\\framework\\src\\Illuminate\\Pipeline\\Pipeline.php(219): Illuminate\\Session\\Middleware\\StartSession->handle(Object(Illuminate\\Http\\Request), Object(Closure))
#18 C:\\Users\\SirGohan\\OneDrive\\Documentos\\ProyectoLaravel\\CoinMarketCap\\crypto-investment\\crypto-investment\\vendor\\laravel\\framework\\src\\Illuminate\\Cookie\\Middleware\\AddQueuedCookiesToResponse.php(36): Illuminate\\Pipeline\\Pipeline->Illuminate\\Pipeline\\{closure}(Object(Illuminate\\Http\\Request))
#19 C:\\Users\\SirGohan\\OneDrive\\Documentos\\ProyectoLaravel\\CoinMarketCap\\crypto-investment\\crypto-investment\\vendor\\laravel\\framework\\src\\Illuminate\\Pipeline\\Pipeline.php(219): Illuminate\\Cookie\\Middleware\\AddQueuedCookiesToResponse->handle(Object(Illuminate\\Http\\Request), Object(Closure))
#20 C:\\Users\\SirGohan\\OneDrive\\Documentos\\ProyectoLaravel\\CoinMarketCap\\crypto-investment\\crypto-investment\\vendor\\laravel\\framework\\src\\Illuminate\\Cookie\\Middleware\\EncryptCookies.php(74): Illuminate\\Pipeline\\Pipeline->Illuminate\\Pipeline\\{closure}(Object(Illuminate\\Http\\Request))
#21 C:\\Users\\SirGohan\\OneDrive\\Documentos\\ProyectoLaravel\\CoinMarketCap\\crypto-investment\\crypto-investment\\vendor\\laravel\\framework\\src\\Illuminate\\Pipeline\\Pipeline.php(219): Illuminate\\Cookie\\Middleware\\EncryptCookies->handle(Object(Illuminate\\Http\\Request), Object(Closure))
#22 C:\\Users\\SirGohan\\OneDrive\\Documentos\\ProyectoLaravel\\CoinMarketCap\\crypto-investment\\crypto-investment\\vendor\\laravel\\framework\\src\\Illuminate\\Pipeline\\Pipeline.php(137): Illuminate\\Pipeline\\Pipeline->Illuminate\\Pipeline\\{closure}(Object(Illuminate\\Http\\Request))
#23 C:\\Users\\SirGohan\\OneDrive\\Documentos\\ProyectoLaravel\\CoinMarketCap\\crypto-investment\\crypto-investment\\vendor\\laravel\\framework\\src\\Illuminate\\Routing\\Router.php(821): Illuminate\\Pipeline\\Pipeline->then(Object(Closure))
#24 C:\\Users\\SirGohan\\OneDrive\\Documentos\\ProyectoLaravel\\CoinMarketCap\\crypto-investment\\crypto-investment\\vendor\\laravel\\framework\\src\\Illuminate\\Routing\\Router.php(800): Illuminate\\Routing\\Router->runRouteWithinStack(Object(Illuminate\\Routing\\Route), Object(Illuminate\\Http\\Request))
#25 C:\\Users\\SirGohan\\OneDrive\\Documentos\\ProyectoLaravel\\CoinMarketCap\\crypto-investment\\crypto-investment\\vendor\\laravel\\framework\\src\\Illuminate\\Routing\\Router.php(764): Illuminate\\Routing\\Router->runRoute(Object(Illuminate\\Http\\Request), Object(Illuminate\\Routing\\Route))
#26 C:\\Users\\SirGohan\\OneDrive\\Documentos\\ProyectoLaravel\\CoinMarketCap\\crypto-investment\\crypto-investment\\vendor\\laravel\\framework\\src\\Illuminate\\Routing\\Router.php(753): Illuminate\\Routing\\Router->dispatchToRoute(Object(Illuminate\\Http\\Request))
#27 C:\\Users\\SirGohan\\OneDrive\\Documentos\\ProyectoLaravel\\CoinMarketCap\\crypto-investment\\crypto-investment\\vendor\\laravel\\framework\\src\\Illuminate\\Foundation\\Http\\Kernel.php(200): Illuminate\\Routing\\Router->dispatch(Object(Illuminate\\Http\\Request))
#28 C:\\Users\\SirGohan\\OneDrive\\Documentos\\ProyectoLaravel\\CoinMarketCap\\crypto-investment\\crypto-investment\\vendor\\laravel\\framework\\src\\Illuminate\\Pipeline\\Pipeline.php(180): Illuminate\\Foundation\\Http\\Kernel->Illuminate\\Foundation\\Http\\{closure}(Object(Illuminate\\Http\\Request))
#29 C:\\Users\\SirGohan\\OneDrive\\Documentos\\ProyectoLaravel\\CoinMarketCap\\crypto-investment\\crypto-investment\\vendor\\laravel\\framework\\src\\Illuminate\\Foundation\\Http\\Middleware\\TransformsRequest.php(21): Illuminate\\Pipeline\\Pipeline->Illuminate\\Pipeline\\{closure}(Object(Illuminate\\Http\\Request))
#30 C:\\Users\\SirGohan\\OneDrive\\Documentos\\ProyectoLaravel\\CoinMarketCap\\crypto-investment\\crypto-investment\\vendor\\laravel\\framework\\src\\Illuminate\\Foundation\\Http\\Middleware\\ConvertEmptyStringsToNull.php(31): Illuminate\\Foundation\\Http\\Middleware\\TransformsRequest->handle(Object(Illuminate\\Http\\Request), Object(Closure))
#31 C:\\Users\\SirGohan\\OneDrive\\Documentos\\ProyectoLaravel\\CoinMarketCap\\crypto-investment\\crypto-investment\\vendor\\laravel\\framework\\src\\Illuminate\\Pipeline\\Pipeline.php(219): Illuminate\\Foundation\\Http\\Middleware\\ConvertEmptyStringsToNull->handle(Object(Illuminate\\Http\\Request), Object(Closure))
#32 C:\\Users\\SirGohan\\OneDrive\\Documentos\\ProyectoLaravel\\CoinMarketCap\\crypto-investment\\crypto-investment\\vendor\\laravel\\framework\\src\\Illuminate\\Foundation\\Http\\Middleware\\TransformsRequest.php(21): Illuminate\\Pipeline\\Pipeline->Illuminate\\Pipeline\\{closure}(Object(Illuminate\\Http\\Request))
#33 C:\\Users\\SirGohan\\OneDrive\\Documentos\\ProyectoLaravel\\CoinMarketCap\\crypto-investment\\crypto-investment\\vendor\\laravel\\framework\\src\\Illuminate\\Foundation\\Http\\Middleware\\TrimStrings.php(51): Illuminate\\Foundation\\Http\\Middleware\\TransformsRequest->handle(Object(Illuminate\\Http\\Request), Object(Closure))
#34 C:\\Users\\SirGohan\\OneDrive\\Documentos\\ProyectoLaravel\\CoinMarketCap\\crypto-investment\\crypto-investment\\vendor\\laravel\\framework\\src\\Illuminate\\Pipeline\\Pipeline.php(219): Illuminate\\Foundation\\Http\\Middleware\\TrimStrings->handle(Object(Illuminate\\Http\\Request), Object(Closure))
#35 C:\\Users\\SirGohan\\OneDrive\\Documentos\\ProyectoLaravel\\CoinMarketCap\\crypto-investment\\crypto-investment\\vendor\\laravel\\framework\\src\\Illuminate\\Http\\Middleware\\ValidatePostSize.php(27): Illuminate\\Pipeline\\Pipeline->Illuminate\\Pipeline\\{closure}(Object(Illuminate\\Http\\Request))
#36 C:\\Users\\SirGohan\\OneDrive\\Documentos\\ProyectoLaravel\\CoinMarketCap\\crypto-investment\\crypto-investment\\vendor\\laravel\\framework\\src\\Illuminate\\Pipeline\\Pipeline.php(219): Illuminate\\Http\\Middleware\\ValidatePostSize->handle(Object(Illuminate\\Http\\Request), Object(Closure))
#37 C:\\Users\\SirGohan\\OneDrive\\Documentos\\ProyectoLaravel\\CoinMarketCap\\crypto-investment\\crypto-investment\\vendor\\laravel\\framework\\src\\Illuminate\\Foundation\\Http\\Middleware\\PreventRequestsDuringMaintenance.php(109): Illuminate\\Pipeline\\Pipeline->Illuminate\\Pipeline\\{closure}(Object(Illuminate\\Http\\Request))
#38 C:\\Users\\SirGohan\\OneDrive\\Documentos\\ProyectoLaravel\\CoinMarketCap\\crypto-investment\\crypto-investment\\vendor\\laravel\\framework\\src\\Illuminate\\Pipeline\\Pipeline.php(219): Illuminate\\Foundation\\Http\\Middleware\\PreventRequestsDuringMaintenance->handle(Object(Illuminate\\Http\\Request), Object(Closure))
#39 C:\\Users\\SirGohan\\OneDrive\\Documentos\\ProyectoLaravel\\CoinMarketCap\\crypto-investment\\crypto-investment\\vendor\\laravel\\framework\\src\\Illuminate\\Http\\Middleware\\HandleCors.php(48): Illuminate\\Pipeline\\Pipeline->Illuminate\\Pipeline\\{closure}(Object(Illuminate\\Http\\Request))
#40 C:\\Users\\SirGohan\\OneDrive\\Documentos\\ProyectoLaravel\\CoinMarketCap\\crypto-investment\\crypto-investment\\vendor\\laravel\\framework\\src\\Illuminate\\Pipeline\\Pipeline.php(219): Illuminate\\Http\\Middleware\\HandleCors->handle(Object(Illuminate\\Http\\Request), Object(Closure))
#41 C:\\Users\\SirGohan\\OneDrive\\Documentos\\ProyectoLaravel\\CoinMarketCap\\crypto-investment\\crypto-investment\\vendor\\laravel\\framework\\src\\Illuminate\\Http\\Middleware\\TrustProxies.php(58): Illuminate\\Pipeline\\Pipeline->Illuminate\\Pipeline\\{closure}(Object(Illuminate\\Http\\Request))
#42 C:\\Users\\SirGohan\\OneDrive\\Documentos\\ProyectoLaravel\\CoinMarketCap\\crypto-investment\\crypto-investment\\vendor\\laravel\\framework\\src\\Illuminate\\Pipeline\\Pipeline.php(219): Illuminate\\Http\\Middleware\\TrustProxies->handle(Object(Illuminate\\Http\\Request), Object(Closure))
#43 C:\\Users\\SirGohan\\OneDrive\\Documentos\\ProyectoLaravel\\CoinMarketCap\\crypto-investment\\crypto-investment\\vendor\\laravel\\framework\\src\\Illuminate\\Foundation\\Http\\Middleware\\InvokeDeferredCallbacks.php(22): Illuminate\\Pipeline\\Pipeline->Illuminate\\Pipeline\\{closure}(Object(Illuminate\\Http\\Request))
#44 C:\\Users\\SirGohan\\OneDrive\\Documentos\\ProyectoLaravel\\CoinMarketCap\\crypto-investment\\crypto-investment\\vendor\\laravel\\framework\\src\\Illuminate\\Pipeline\\Pipeline.php(219): Illuminate\\Foundation\\Http\\Middleware\\InvokeDeferredCallbacks->handle(Object(Illuminate\\Http\\Request), Object(Closure))
#45 C:\\Users\\SirGohan\\OneDrive\\Documentos\\ProyectoLaravel\\CoinMarketCap\\crypto-investment\\crypto-investment\\vendor\\laravel\\framework\\src\\Illuminate\\Http\\Middleware\\ValidatePathEncoding.php(26): Illuminate\\Pipeline\\Pipeline->Illuminate\\Pipeline\\{closure}(Object(Illuminate\\Http\\Request))
#46 C:\\Users\\SirGohan\\OneDrive\\Documentos\\ProyectoLaravel\\CoinMarketCap\\crypto-investment\\crypto-investment\\vendor\\laravel\\framework\\src\\Illuminate\\Pipeline\\Pipeline.php(219): Illuminate\\Http\\Middleware\\ValidatePathEncoding->handle(Object(Illuminate\\Http\\Request), Object(Closure))
#47 C:\\Users\\SirGohan\\OneDrive\\Documentos\\ProyectoLaravel\\CoinMarketCap\\crypto-investment\\crypto-investment\\vendor\\laravel\\framework\\src\\Illuminate\\Pipeline\\Pipeline.php(137): Illuminate\\Pipeline\\Pipeline->Illuminate\\Pipeline\\{closure}(Object(Illuminate\\Http\\Request))
#48 C:\\Users\\SirGohan\\OneDrive\\Documentos\\ProyectoLaravel\\CoinMarketCap\\crypto-investment\\crypto-investment\\vendor\\laravel\\framework\\src\\Illuminate\\Foundation\\Http\\Kernel.php(175): Illuminate\\Pipeline\\Pipeline->then(Object(Closure))
#49 C:\\Users\\SirGohan\\OneDrive\\Documentos\\ProyectoLaravel\\CoinMarketCap\\crypto-investment\\crypto-investment\\vendor\\laravel\\framework\\src\\Illuminate\\Foundation\\Http\\Kernel.php(144): Illuminate\\Foundation\\Http\\Kernel->sendRequestThroughRouter(Object(Illuminate\\Http\\Request))
#50 C:\\Users\\SirGohan\\OneDrive\\Documentos\\ProyectoLaravel\\CoinMarketCap\\crypto-investment\\crypto-investment\\vendor\\laravel\\framework\\src\\Illuminate\\Foundation\\Application.php(1220): Illuminate\\Foundation\\Http\\Kernel->handle(Object(Illuminate\\Http\\Request))
#51 C:\\Users\\SirGohan\\OneDrive\\Documentos\\ProyectoLaravel\\CoinMarketCap\\crypto-investment\\crypto-investment\\public\\index.php(20): Illuminate\\Foundation\\Application->handleRequest(Object(Illuminate\\Http\\Request))
#52 C:\\Users\\SirGohan\\OneDrive\\Documentos\\ProyectoLaravel\\CoinMarketCap\\crypto-investment\\crypto-investment\\vendor\\laravel\\framework\\src\\Illuminate\\Foundation\\resources\\server.php(23): require_once('C:\\\\Users\\\\SirGoh...')
#53 {main}

[previous exception] [object] (PDOException(code: 0): could not find driver at C:\\Users\\SirGohan\\OneDrive\\Documentos\\ProyectoLaravel\\CoinMarketCap\\crypto-investment\\crypto-investment\\vendor\\laravel\\framework\\src\\Illuminate\\Database\\Connectors\\Connector.php:66)
[stacktrace]
#0 C:\\Users\\SirGohan\\OneDrive\\Documentos\\ProyectoLaravel\\CoinMarketCap\\crypto-investment\\crypto-investment\\vendor\\laravel\\framework\\src\\Illuminate\\Database\\Connectors\\Connector.php(66): PDO->__construct('dblib:host=DESK...', 'smartadmin', Object(SensitiveParameterValue), Array)
#1 C:\\Users\\SirGohan\\OneDrive\\Documentos\\ProyectoLaravel\\CoinMarketCap\\crypto-investment\\crypto-investment\\vendor\\laravel\\framework\\src\\Illuminate\\Database\\Connectors\\Connector.php(44): Illuminate\\Database\\Connectors\\Connector->createPdoConnection('dblib:host=DESK...', 'smartadmin', Object(SensitiveParameterValue), Array)
#2 C:\\Users\\SirGohan\\OneDrive\\Documentos\\ProyectoLaravel\\CoinMarketCap\\crypto-investment\\crypto-investment\\vendor\\laravel\\framework\\src\\Illuminate\\Database\\Connectors\\SqlServerConnector.php(32): Illuminate\\Database\\Connectors\\Connector->createConnection('dblib:host=DESK...', Array, Array)
#3 C:\\Users\\SirGohan\\OneDrive\\Documentos\\ProyectoLaravel\\CoinMarketCap\\crypto-investment\\crypto-investment\\vendor\\laravel\\framework\\src\\Illuminate\\Database\\Connectors\\ConnectionFactory.php(184): Illuminate\\Database\\Connectors\\SqlServerConnector->connect(Array)
#4 [internal function]: Illuminate\\Database\\Connectors\\ConnectionFactory->Illuminate\\Database\\Connectors\\{closure}()
#5 C:\\Users\\SirGohan\\OneDrive\\Documentos\\ProyectoLaravel\\CoinMarketCap\\crypto-investment\\crypto-investment\\vendor\\laravel\\framework\\src\\Illuminate\\Database\\Connection.php(1230): call_user_func(Object(Closure))
#6 C:\\Users\\SirGohan\\OneDrive\\Documentos\\ProyectoLaravel\\CoinMarketCap\\crypto-investment\\crypto-investment\\vendor\\laravel\\framework\\src\\Illuminate\\Database\\Connection.php(511): Illuminate\\Database\\Connection->getPdo()
#7 C:\\Users\\SirGohan\\OneDrive\\Documentos\\ProyectoLaravel\\CoinMarketCap\\crypto-investment\\crypto-investment\\vendor\\laravel\\framework\\src\\Illuminate\\Database\\Connection.php(406): Illuminate\\Database\\Connection->getPdoForSelect(false)
#8 C:\\Users\\SirGohan\\OneDrive\\Documentos\\ProyectoLaravel\\CoinMarketCap\\crypto-investment\\crypto-investment\\vendor\\laravel\\framework\\src\\Illuminate\\Database\\Connection.php(811): Illuminate\\Database\\Connection->Illuminate\\Database\\{closure}('select top 1 * ...', Array)
#9 C:\\Users\\SirGohan\\OneDrive\\Documentos\\ProyectoLaravel\\CoinMarketCap\\crypto-investment\\crypto-investment\\vendor\\laravel\\framework\\src\\Illuminate\\Database\\Connection.php(778): Illuminate\\Database\\Connection->runQueryCallback('select top 1 * ...', Array, Object(Closure))
#10 C:\\Users\\SirGohan\\OneDrive\\Documentos\\ProyectoLaravel\\CoinMarketCap\\crypto-investment\\crypto-investment\\vendor\\laravel\\framework\\src\\Illuminate\\Database\\Connection.php(397): Illuminate\\Database\\Connection->run('select top 1 * ...', Array, Object(Closure))
#11 C:\\Users\\SirGohan\\OneDrive\\Documentos\\ProyectoLaravel\\CoinMarketCap\\crypto-investment\\crypto-investment\\vendor\\laravel\\framework\\src\\Illuminate\\Database\\Query\\Builder.php(3188): Illuminate\\Database\\Connection->select('select top 1 * ...', Array, false)
#12 C:\\Users\\SirGohan\\OneDrive\\Documentos\\ProyectoLaravel\\CoinMarketCap\\crypto-investment\\crypto-investment\\vendor\\laravel\\framework\\src\\Illuminate\\Database\\Query\\Builder.php(3173): Illuminate\\Database\\Query\\Builder->runSelect()
#13 C:\\Users\\SirGohan\\OneDrive\\Documentos\\ProyectoLaravel\\CoinMarketCap\\crypto-investment\\crypto-investment\\vendor\\laravel\\framework\\src\\Illuminate\\Database\\Query\\Builder.php(3763): Illuminate\\Database\\Query\\Builder->Illuminate\\Database\\Query\\{closure}()
#14 C:\\Users\\SirGohan\\OneDrive\\Documentos\\ProyectoLaravel\\CoinMarketCap\\crypto-investment\\crypto-investment\\vendor\\laravel\\framework\\src\\Illuminate\\Database\\Query\\Builder.php(3172): Illuminate\\Database\\Query\\Builder->onceWithColumns(Array, Object(Closure))
#15 C:\\Users\\SirGohan\\OneDrive\\Documentos\\ProyectoLaravel\\CoinMarketCap\\crypto-investment\\crypto-investment\\vendor\\laravel\\framework\\src\\Illuminate\\Database\\Concerns\\BuildsQueries.php(366): Illuminate\\Database\\Query\\Builder->get(Array)
#16 C:\\Users\\SirGohan\\OneDrive\\Documentos\\ProyectoLaravel\\CoinMarketCap\\crypto-investment\\crypto-investment\\vendor\\laravel\\framework\\src\\Illuminate\\Database\\Query\\Builder.php(3095): Illuminate\\Database\\Query\\Builder->first(Array)
#17 C:\\Users\\SirGohan\\OneDrive\\Documentos\\ProyectoLaravel\\CoinMarketCap\\crypto-investment\\crypto-investment\\vendor\\laravel\\framework\\src\\Illuminate\\Session\\DatabaseSessionHandler.php(96): Illuminate\\Database\\Query\\Builder->find('v88lOFyYOfwFU5W...')
#18 C:\\Users\\SirGohan\\OneDrive\\Documentos\\ProyectoLaravel\\CoinMarketCap\\crypto-investment\\crypto-investment\\vendor\\laravel\\framework\\src\\Illuminate\\Session\\Store.php(117): Illuminate\\Session\\DatabaseSessionHandler->read('v88lOFyYOfwFU5W...')
#19 C:\\Users\\SirGohan\\OneDrive\\Documentos\\ProyectoLaravel\\CoinMarketCap\\crypto-investment\\crypto-investment\\vendor\\laravel\\framework\\src\\Illuminate\\Session\\Store.php(105): Illuminate\\Session\\Store->readFromHandler()
#20 C:\\Users\\SirGohan\\OneDrive\\Documentos\\ProyectoLaravel\\CoinMarketCap\\crypto-investment\\crypto-investment\\vendor\\laravel\\framework\\src\\Illuminate\\Session\\Store.php(89): Illuminate\\Session\\Store->loadSession()
#21 C:\\Users\\SirGohan\\OneDrive\\Documentos\\ProyectoLaravel\\CoinMarketCap\\crypto-investment\\crypto-investment\\vendor\\laravel\\framework\\src\\Illuminate\\Session\\Middleware\\StartSession.php(146): Illuminate\\Session\\Store->start()
#22 C:\\Users\\SirGohan\\OneDrive\\Documentos\\ProyectoLaravel\\CoinMarketCap\\crypto-investment\\crypto-investment\\vendor\\laravel\\framework\\src\\Illuminate\\Support\\helpers.php(390): Illuminate\\Session\\Middleware\\StartSession->Illuminate\\Session\\Middleware\\{closure}(Object(Illuminate\\Session\\Store))
#23 C:\\Users\\SirGohan\\OneDrive\\Documentos\\ProyectoLaravel\\CoinMarketCap\\crypto-investment\\crypto-investment\\vendor\\laravel\\framework\\src\\Illuminate\\Session\\Middleware\\StartSession.php(143): tap(Object(Illuminate\\Session\\Store), Object(Closure))
#24 C:\\Users\\SirGohan\\OneDrive\\Documentos\\ProyectoLaravel\\CoinMarketCap\\crypto-investment\\crypto-investment\\vendor\\laravel\\framework\\src\\Illuminate\\Session\\Middleware\\StartSession.php(115): Illuminate\\Session\\Middleware\\StartSession->startSession(Object(Illuminate\\Http\\Request), Object(Illuminate\\Session\\Store))
#25 C:\\Users\\SirGohan\\OneDrive\\Documentos\\ProyectoLaravel\\CoinMarketCap\\crypto-investment\\crypto-investment\\vendor\\laravel\\framework\\src\\Illuminate\\Session\\Middleware\\StartSession.php(63): Illuminate\\Session\\Middleware\\StartSession->handleStatefulRequest(Object(Illuminate\\Http\\Request), Object(Illuminate\\Session\\Store), Object(Closure))
#26 C:\\Users\\SirGohan\\OneDrive\\Documentos\\ProyectoLaravel\\CoinMarketCap\\crypto-investment\\crypto-investment\\vendor\\laravel\\framework\\src\\Illuminate\\Pipeline\\Pipeline.php(219): Illuminate\\Session\\Middleware\\StartSession->handle(Object(Illuminate\\Http\\Request), Object(Closure))
#27 C:\\Users\\SirGohan\\OneDrive\\Documentos\\ProyectoLaravel\\CoinMarketCap\\crypto-investment\\crypto-investment\\vendor\\laravel\\framework\\src\\Illuminate\\Cookie\\Middleware\\AddQueuedCookiesToResponse.php(36): Illuminate\\Pipeline\\Pipeline->Illuminate\\Pipeline\\{closure}(Object(Illuminate\\Http\\Request))
#28 C:\\Users\\SirGohan\\OneDrive\\Documentos\\ProyectoLaravel\\CoinMarketCap\\crypto-investment\\crypto-investment\\vendor\\laravel\\framework\\src\\Illuminate\\Pipeline\\Pipeline.php(219): Illuminate\\Cookie\\Middleware\\AddQueuedCookiesToResponse->handle(Object(Illuminate\\Http\\Request), Object(Closure))
#29 C:\\Users\\SirGohan\\OneDrive\\Documentos\\ProyectoLaravel\\CoinMarketCap\\crypto-investment\\crypto-investment\\vendor\\laravel\\framework\\src\\Illuminate\\Cookie\\Middleware\\EncryptCookies.php(74): Illuminate\\Pipeline\\Pipeline->Illuminate\\Pipeline\\{closure}(Object(Illuminate\\Http\\Request))
#30 C:\\Users\\SirGohan\\OneDrive\\Documentos\\ProyectoLaravel\\CoinMarketCap\\crypto-investment\\crypto-investment\\vendor\\laravel\\framework\\src\\Illuminate\\Pipeline\\Pipeline.php(219): Illuminate\\Cookie\\Middleware\\EncryptCookies->handle(Object(Illuminate\\Http\\Request), Object(Closure))
#31 C:\\Users\\SirGohan\\OneDrive\\Documentos\\ProyectoLaravel\\CoinMarketCap\\crypto-investment\\crypto-investment\\vendor\\laravel\\framework\\src\\Illuminate\\Pipeline\\Pipeline.php(137): Illuminate\\Pipeline\\Pipeline->Illuminate\\Pipeline\\{closure}(Object(Illuminate\\Http\\Request))
#32 C:\\Users\\SirGohan\\OneDrive\\Documentos\\ProyectoLaravel\\CoinMarketCap\\crypto-investment\\crypto-investment\\vendor\\laravel\\framework\\src\\Illuminate\\Routing\\Router.php(821): Illuminate\\Pipeline\\Pipeline->then(Object(Closure))
#33 C:\\Users\\SirGohan\\OneDrive\\Documentos\\ProyectoLaravel\\CoinMarketCap\\crypto-investment\\crypto-investment\\vendor\\laravel\\framework\\src\\Illuminate\\Routing\\Router.php(800): Illuminate\\Routing\\Router->runRouteWithinStack(Object(Illuminate\\Routing\\Route), Object(Illuminate\\Http\\Request))
#34 C:\\Users\\SirGohan\\OneDrive\\Documentos\\ProyectoLaravel\\CoinMarketCap\\crypto-investment\\crypto-investment\\vendor\\laravel\\framework\\src\\Illuminate\\Routing\\Router.php(764): Illuminate\\Routing\\Router->runRoute(Object(Illuminate\\Http\\Request), Object(Illuminate\\Routing\\Route))
#35 C:\\Users\\SirGohan\\OneDrive\\Documentos\\ProyectoLaravel\\CoinMarketCap\\crypto-investment\\crypto-investment\\vendor\\laravel\\framework\\src\\Illuminate\\Routing\\Router.php(753): Illuminate\\Routing\\Router->dispatchToRoute(Object(Illuminate\\Http\\Request))
#36 C:\\Users\\SirGohan\\OneDrive\\Documentos\\ProyectoLaravel\\CoinMarketCap\\crypto-investment\\crypto-investment\\vendor\\laravel\\framework\\src\\Illuminate\\Foundation\\Http\\Kernel.php(200): Illuminate\\Routing\\Router->dispatch(Object(Illuminate\\Http\\Request))
#37 C:\\Users\\SirGohan\\OneDrive\\Documentos\\ProyectoLaravel\\CoinMarketCap\\crypto-investment\\crypto-investment\\vendor\\laravel\\framework\\src\\Illuminate\\Pipeline\\Pipeline.php(180): Illuminate\\Foundation\\Http\\Kernel->Illuminate\\Foundation\\Http\\{closure}(Object(Illuminate\\Http\\Request))
#38 C:\\Users\\SirGohan\\OneDrive\\Documentos\\ProyectoLaravel\\CoinMarketCap\\crypto-investment\\crypto-investment\\vendor\\laravel\\framework\\src\\Illuminate\\Foundation\\Http\\Middleware\\TransformsRequest.php(21): Illuminate\\Pipeline\\Pipeline->Illuminate\\Pipeline\\{closure}(Object(Illuminate\\Http\\Request))
#39 C:\\Users\\SirGohan\\OneDrive\\Documentos\\ProyectoLaravel\\CoinMarketCap\\crypto-investment\\crypto-investment\\vendor\\laravel\\framework\\src\\Illuminate\\Foundation\\Http\\Middleware\\ConvertEmptyStringsToNull.php(31): Illuminate\\Foundation\\Http\\Middleware\\TransformsRequest->handle(Object(Illuminate\\Http\\Request), Object(Closure))
#40 C:\\Users\\SirGohan\\OneDrive\\Documentos\\ProyectoLaravel\\CoinMarketCap\\crypto-investment\\crypto-investment\\vendor\\laravel\\framework\\src\\Illuminate\\Pipeline\\Pipeline.php(219): Illuminate\\Foundation\\Http\\Middleware\\ConvertEmptyStringsToNull->handle(Object(Illuminate\\Http\\Request), Object(Closure))
#41 C:\\Users\\SirGohan\\OneDrive\\Documentos\\ProyectoLaravel\\CoinMarketCap\\crypto-investment\\crypto-investment\\vendor\\laravel\\framework\\src\\Illuminate\\Foundation\\Http\\Middleware\\TransformsRequest.php(21): Illuminate\\Pipeline\\Pipeline->Illuminate\\Pipeline\\{closure}(Object(Illuminate\\Http\\Request))
#42 C:\\Users\\SirGohan\\OneDrive\\Documentos\\ProyectoLaravel\\CoinMarketCap\\crypto-investment\\crypto-investment\\vendor\\laravel\\framework\\src\\Illuminate\\Foundation\\Http\\Middleware\\TrimStrings.php(51): Illuminate\\Foundation\\Http\\Middleware\\TransformsRequest->handle(Object(Illuminate\\Http\\Request), Object(Closure))
#43 C:\\Users\\SirGohan\\OneDrive\\Documentos\\ProyectoLaravel\\CoinMarketCap\\crypto-investment\\crypto-investment\\vendor\\laravel\\framework\\src\\Illuminate\\Pipeline\\Pipeline.php(219): Illuminate\\Foundation\\Http\\Middleware\\TrimStrings->handle(Object(Illuminate\\Http\\Request), Object(Closure))
#44 C:\\Users\\SirGohan\\OneDrive\\Documentos\\ProyectoLaravel\\CoinMarketCap\\crypto-investment\\crypto-investment\\vendor\\laravel\\framework\\src\\Illuminate\\Http\\Middleware\\ValidatePostSize.php(27): Illuminate\\Pipeline\\Pipeline->Illuminate\\Pipeline\\{closure}(Object(Illuminate\\Http\\Request))
#45 C:\\Users\\SirGohan\\OneDrive\\Documentos\\ProyectoLaravel\\CoinMarketCap\\crypto-investment\\crypto-investment\\vendor\\laravel\\framework\\src\\Illuminate\\Pipeline\\Pipeline.php(219): Illuminate\\Http\\Middleware\\ValidatePostSize->handle(Object(Illuminate\\Http\\Request), Object(Closure))
#46 C:\\Users\\SirGohan\\OneDrive\\Documentos\\ProyectoLaravel\\CoinMarketCap\\crypto-investment\\crypto-investment\\vendor\\laravel\\framework\\src\\Illuminate\\Foundation\\Http\\Middleware\\PreventRequestsDuringMaintenance.php(109): Illuminate\\Pipeline\\Pipeline->Illuminate\\Pipeline\\{closure}(Object(Illuminate\\Http\\Request))
#47 C:\\Users\\SirGohan\\OneDrive\\Documentos\\ProyectoLaravel\\CoinMarketCap\\crypto-investment\\crypto-investment\\vendor\\laravel\\framework\\src\\Illuminate\\Pipeline\\Pipeline.php(219): Illuminate\\Foundation\\Http\\Middleware\\PreventRequestsDuringMaintenance->handle(Object(Illuminate\\Http\\Request), Object(Closure))
#48 C:\\Users\\SirGohan\\OneDrive\\Documentos\\ProyectoLaravel\\CoinMarketCap\\crypto-investment\\crypto-investment\\vendor\\laravel\\framework\\src\\Illuminate\\Http\\Middleware\\HandleCors.php(48): Illuminate\\Pipeline\\Pipeline->Illuminate\\Pipeline\\{closure}(Object(Illuminate\\Http\\Request))
#49 C:\\Users\\SirGohan\\OneDrive\\Documentos\\ProyectoLaravel\\CoinMarketCap\\crypto-investment\\crypto-investment\\vendor\\laravel\\framework\\src\\Illuminate\\Pipeline\\Pipeline.php(219): Illuminate\\Http\\Middleware\\HandleCors->handle(Object(Illuminate\\Http\\Request), Object(Closure))
#50 C:\\Users\\SirGohan\\OneDrive\\Documentos\\ProyectoLaravel\\CoinMarketCap\\crypto-investment\\crypto-investment\\vendor\\laravel\\framework\\src\\Illuminate\\Http\\Middleware\\TrustProxies.php(58): Illuminate\\Pipeline\\Pipeline->Illuminate\\Pipeline\\{closure}(Object(Illuminate\\Http\\Request))
#51 C:\\Users\\SirGohan\\OneDrive\\Documentos\\ProyectoLaravel\\CoinMarketCap\\crypto-investment\\crypto-investment\\vendor\\laravel\\framework\\src\\Illuminate\\Pipeline\\Pipeline.php(219): Illuminate\\Http\\Middleware\\TrustProxies->handle(Object(Illuminate\\Http\\Request), Object(Closure))
#52 C:\\Users\\SirGohan\\OneDrive\\Documentos\\ProyectoLaravel\\CoinMarketCap\\crypto-investment\\crypto-investment\\vendor\\laravel\\framework\\src\\Illuminate\\Foundation\\Http\\Middleware\\InvokeDeferredCallbacks.php(22): Illuminate\\Pipeline\\Pipeline->Illuminate\\Pipeline\\{closure}(Object(Illuminate\\Http\\Request))
#53 C:\\Users\\SirGohan\\OneDrive\\Documentos\\ProyectoLaravel\\CoinMarketCap\\crypto-investment\\crypto-investment\\vendor\\laravel\\framework\\src\\Illuminate\\Pipeline\\Pipeline.php(219): Illuminate\\Foundation\\Http\\Middleware\\InvokeDeferredCallbacks->handle(Object(Illuminate\\Http\\Request), Object(Closure))
#54 C:\\Users\\SirGohan\\OneDrive\\Documentos\\ProyectoLaravel\\CoinMarketCap\\crypto-investment\\crypto-investment\\vendor\\laravel\\framework\\src\\Illuminate\\Http\\Middleware\\ValidatePathEncoding.php(26): Illuminate\\Pipeline\\Pipeline->Illuminate\\Pipeline\\{closure}(Object(Illuminate\\Http\\Request))
#55 C:\\Users\\SirGohan\\OneDrive\\Documentos\\ProyectoLaravel\\CoinMarketCap\\crypto-investment\\crypto-investment\\vendor\\laravel\\framework\\src\\Illuminate\\Pipeline\\Pipeline.php(219): Illuminate\\Http\\Middleware\\ValidatePathEncoding->handle(Object(Illuminate\\Http\\Request), Object(Closure))
#56 C:\\Users\\SirGohan\\OneDrive\\Documentos\\ProyectoLaravel\\CoinMarketCap\\crypto-investment\\crypto-investment\\vendor\\laravel\\framework\\src\\Illuminate\\Pipeline\\Pipeline.php(137): Illuminate\\Pipeline\\Pipeline->Illuminate\\Pipeline\\{closure}(Object(Illuminate\\Http\\Request))
#57 C:\\Users\\SirGohan\\OneDrive\\Documentos\\ProyectoLaravel\\CoinMarketCap\\crypto-investment\\crypto-investment\\vendor\\laravel\\framework\\src\\Illuminate\\Foundation\\Http\\Kernel.php(175): Illuminate\\Pipeline\\Pipeline->then(Object(Closure))
#58 C:\\Users\\SirGohan\\OneDrive\\Documentos\\ProyectoLaravel\\CoinMarketCap\\crypto-investment\\crypto-investment\\vendor\\laravel\\framework\\src\\Illuminate\\Foundation\\Http\\Kernel.php(144): Illuminate\\Foundation\\Http\\Kernel->sendRequestThroughRouter(Object(Illuminate\\Http\\Request))
#59 C:\\Users\\SirGohan\\OneDrive\\Documentos\\ProyectoLaravel\\CoinMarketCap\\crypto-investment\\crypto-investment\\vendor\\laravel\\framework\\src\\Illuminate\\Foundation\\Application.php(1220): Illuminate\\Foundation\\Http\\Kernel->handle(Object(Illuminate\\Http\\Request))
#60 C:\\Users\\SirGohan\\OneDrive\\Documentos\\ProyectoLaravel\\CoinMarketCap\\crypto-investment\\crypto-investment\\public\\index.php(20): Illuminate\\Foundation\\Application->handleRequest(Object(Illuminate\\Http\\Request))
#61 C:\\Users\\SirGohan\\OneDrive\\Documentos\\ProyectoLaravel\\CoinMarketCap\\crypto-investment\\crypto-investment\\vendor\\laravel\\framework\\src\\Illuminate\\Foundation\\resources\\server.php(23): require_once('C:\\\\Users\\\\SirGoh...')
#62 {main}
"} 
[2025-10-08 16:16:29] local.ERROR: SQLSTATE[42S01]: Base table or view already exists: 1050 Table 'tracked_coins' already exists (Connection: mysql, SQL: create table `tracked_coins` (`id` bigint unsigned not null auto_increment primary key, `created_at` timestamp null, `updated_at` timestamp null) default character set utf8mb4 collate 'utf8mb4_unicode_ci') {"exception":"[object] (Illuminate\\Database\\QueryException(code: 42S01): SQLSTATE[42S01]: Base table or view already exists: 1050 Table 'tracked_coins' already exists (Connection: mysql, SQL: create table `tracked_coins` (`id` bigint unsigned not null auto_increment primary key, `created_at` timestamp null, `updated_at` timestamp null) default character set utf8mb4 collate 'utf8mb4_unicode_ci') at C:\\Users\\SirGohan\\OneDrive\\Documentos\\ProyectoLaravel\\CoinMarketCap\\crypto-investment\\vendor\\laravel\\framework\\src\\Illuminate\\Database\\Connection.php:824)
[stacktrace]
#0 C:\\Users\\SirGohan\\OneDrive\\Documentos\\ProyectoLaravel\\CoinMarketCap\\crypto-investment\\vendor\\laravel\\framework\\src\\Illuminate\\Database\\Connection.php(778): Illuminate\\Database\\Connection->runQueryCallback('create table `t...', Array, Object(Closure))
#1 C:\\Users\\SirGohan\\OneDrive\\Documentos\\ProyectoLaravel\\CoinMarketCap\\crypto-investment\\vendor\\laravel\\framework\\src\\Illuminate\\Database\\Connection.php(559): Illuminate\\Database\\Connection->run('create table `t...', Array, Object(Closure))
#2 C:\\Users\\SirGohan\\OneDrive\\Documentos\\ProyectoLaravel\\CoinMarketCap\\crypto-investment\\vendor\\laravel\\framework\\src\\Illuminate\\Database\\Schema\\Blueprint.php(121): Illuminate\\Database\\Connection->statement('create table `t...')
#3 C:\\Users\\SirGohan\\OneDrive\\Documentos\\ProyectoLaravel\\CoinMarketCap\\crypto-investment\\vendor\\laravel\\framework\\src\\Illuminate\\Database\\Schema\\Builder.php(618): Illuminate\\Database\\Schema\\Blueprint->build()
#4 C:\\Users\\SirGohan\\OneDrive\\Documentos\\ProyectoLaravel\\CoinMarketCap\\crypto-investment\\vendor\\laravel\\framework\\src\\Illuminate\\Database\\Schema\\Builder.php(472): Illuminate\\Database\\Schema\\Builder->build(Object(Illuminate\\Database\\Schema\\Blueprint))
#5 C:\\Users\\SirGohan\\OneDrive\\Documentos\\ProyectoLaravel\\CoinMarketCap\\crypto-investment\\vendor\\laravel\\framework\\src\\Illuminate\\Support\\Facades\\Facade.php(363): Illuminate\\Database\\Schema\\Builder->create('tracked_coins', Object(Closure))
#6 C:\\Users\\SirGohan\\OneDrive\\Documentos\\ProyectoLaravel\\CoinMarketCap\\crypto-investment\\database\\migrations\\2025_10_08_152629_create_tracked_coins_table.php(14): Illuminate\\Support\\Facades\\Facade::__callStatic('create', Array)
#7 C:\\Users\\SirGohan\\OneDrive\\Documentos\\ProyectoLaravel\\CoinMarketCap\\crypto-investment\\vendor\\laravel\\framework\\src\\Illuminate\\Database\\Migrations\\Migrator.php(514): Illuminate\\Database\\Migrations\\Migration@anonymous->up()
#8 C:\\Users\\SirGohan\\OneDrive\\Documentos\\ProyectoLaravel\\CoinMarketCap\\crypto-investment\\vendor\\laravel\\framework\\src\\Illuminate\\Database\\Migrations\\Migrator.php(439): Illuminate\\Database\\Migrations\\Migrator->runMethod(Object(Illuminate\\Database\\MySqlConnection), Object(Illuminate\\Database\\Migrations\\Migration@anonymous), 'up')
#9 C:\\Users\\SirGohan\\OneDrive\\Documentos\\ProyectoLaravel\\CoinMarketCap\\crypto-investment\\vendor\\laravel\\framework\\src\\Illuminate\\Database\\Migrations\\Migrator.php(448): Illuminate\\Database\\Migrations\\Migrator->Illuminate\\Database\\Migrations\\{closure}()
#10 C:\\Users\\SirGohan\\OneDrive\\Documentos\\ProyectoLaravel\\CoinMarketCap\\crypto-investment\\vendor\\laravel\\framework\\src\\Illuminate\\Database\\Migrations\\Migrator.php(250): Illuminate\\Database\\Migrations\\Migrator->runMigration(Object(Illuminate\\Database\\Migrations\\Migration@anonymous), 'up')
#11 C:\\Users\\SirGohan\\OneDrive\\Documentos\\ProyectoLaravel\\CoinMarketCap\\crypto-investment\\vendor\\laravel\\framework\\src\\Illuminate\\Console\\View\\Components\\Task.php(41): Illuminate\\Database\\Migrations\\Migrator->Illuminate\\Database\\Migrations\\{closure}()
#12 C:\\Users\\SirGohan\\OneDrive\\Documentos\\ProyectoLaravel\\CoinMarketCap\\crypto-investment\\vendor\\laravel\\framework\\src\\Illuminate\\Database\\Migrations\\Migrator.php(809): Illuminate\\Console\\View\\Components\\Task->render('2025_10_08_1526...', Object(Closure))
#13 C:\\Users\\SirGohan\\OneDrive\\Documentos\\ProyectoLaravel\\CoinMarketCap\\crypto-investment\\vendor\\laravel\\framework\\src\\Illuminate\\Database\\Migrations\\Migrator.php(250): Illuminate\\Database\\Migrations\\Migrator->write('Illuminate\\\\Cons...', '2025_10_08_1526...', Object(Closure))
#14 C:\\Users\\SirGohan\\OneDrive\\Documentos\\ProyectoLaravel\\CoinMarketCap\\crypto-investment\\vendor\\laravel\\framework\\src\\Illuminate\\Database\\Migrations\\Migrator.php(210): Illuminate\\Database\\Migrations\\Migrator->runUp('C:\\\\Users\\\\SirGoh...', 1, false)
#15 C:\\Users\\SirGohan\\OneDrive\\Documentos\\ProyectoLaravel\\CoinMarketCap\\crypto-investment\\vendor\\laravel\\framework\\src\\Illuminate\\Database\\Migrations\\Migrator.php(137): Illuminate\\Database\\Migrations\\Migrator->runPending(Array, Array)
#16 C:\\Users\\SirGohan\\OneDrive\\Documentos\\ProyectoLaravel\\CoinMarketCap\\crypto-investment\\vendor\\laravel\\framework\\src\\Illuminate\\Database\\Console\\Migrations\\MigrateCommand.php(116): Illuminate\\Database\\Migrations\\Migrator->run(Array, Array)
#17 C:\\Users\\SirGohan\\OneDrive\\Documentos\\ProyectoLaravel\\CoinMarketCap\\crypto-investment\\vendor\\laravel\\framework\\src\\Illuminate\\Database\\Migrations\\Migrator.php(666): Illuminate\\Database\\Console\\Migrations\\MigrateCommand->Illuminate\\Database\\Console\\Migrations\\{closure}()
#18 C:\\Users\\SirGohan\\OneDrive\\Documentos\\ProyectoLaravel\\CoinMarketCap\\crypto-investment\\vendor\\laravel\\framework\\src\\Illuminate\\Database\\Console\\Migrations\\MigrateCommand.php(109): Illuminate\\Database\\Migrations\\Migrator->usingConnection(NULL, Object(Closure))
#19 C:\\Users\\SirGohan\\OneDrive\\Documentos\\ProyectoLaravel\\CoinMarketCap\\crypto-investment\\vendor\\laravel\\framework\\src\\Illuminate\\Database\\Console\\Migrations\\MigrateCommand.php(88): Illuminate\\Database\\Console\\Migrations\\MigrateCommand->runMigrations()
#20 C:\\Users\\SirGohan\\OneDrive\\Documentos\\ProyectoLaravel\\CoinMarketCap\\crypto-investment\\vendor\\laravel\\framework\\src\\Illuminate\\Container\\BoundMethod.php(36): Illuminate\\Database\\Console\\Migrations\\MigrateCommand->handle()
#21 C:\\Users\\SirGohan\\OneDrive\\Documentos\\ProyectoLaravel\\CoinMarketCap\\crypto-investment\\vendor\\laravel\\framework\\src\\Illuminate\\Container\\Util.php(43): Illuminate\\Container\\BoundMethod::Illuminate\\Container\\{closure}()
#22 C:\\Users\\SirGohan\\OneDrive\\Documentos\\ProyectoLaravel\\CoinMarketCap\\crypto-investment\\vendor\\laravel\\framework\\src\\Illuminate\\Container\\BoundMethod.php(96): Illuminate\\Container\\Util::unwrapIfClosure(Object(Closure))
#23 C:\\Users\\SirGohan\\OneDrive\\Documentos\\ProyectoLaravel\\CoinMarketCap\\crypto-investment\\vendor\\laravel\\framework\\src\\Illuminate\\Container\\BoundMethod.php(35): Illuminate\\Container\\BoundMethod::callBoundMethod(Object(Illuminate\\Foundation\\Application), Array, Object(Closure))
#24 C:\\Users\\SirGohan\\OneDrive\\Documentos\\ProyectoLaravel\\CoinMarketCap\\crypto-investment\\vendor\\laravel\\framework\\src\\Illuminate\\Container\\Container.php(836): Illuminate\\Container\\BoundMethod::call(Object(Illuminate\\Foundation\\Application), Array, Array, NULL)
#25 C:\\Users\\SirGohan\\OneDrive\\Documentos\\ProyectoLaravel\\CoinMarketCap\\crypto-investment\\vendor\\laravel\\framework\\src\\Illuminate\\Console\\Command.php(211): Illuminate\\Container\\Container->call(Array)
#26 C:\\Users\\SirGohan\\OneDrive\\Documentos\\ProyectoLaravel\\CoinMarketCap\\crypto-investment\\vendor\\symfony\\console\\Command\\Command.php(318): Illuminate\\Console\\Command->execute(Object(Symfony\\Component\\Console\\Input\\ArgvInput), Object(Illuminate\\Console\\OutputStyle))
#27 C:\\Users\\SirGohan\\OneDrive\\Documentos\\ProyectoLaravel\\CoinMarketCap\\crypto-investment\\vendor\\laravel\\framework\\src\\Illuminate\\Console\\Command.php(180): Symfony\\Component\\Console\\Command\\Command->run(Object(Symfony\\Component\\Console\\Input\\ArgvInput), Object(Illuminate\\Console\\OutputStyle))
#28 C:\\Users\\SirGohan\\OneDrive\\Documentos\\ProyectoLaravel\\CoinMarketCap\\crypto-investment\\vendor\\symfony\\console\\Application.php(1110): Illuminate\\Console\\Command->run(Object(Symfony\\Component\\Console\\Input\\ArgvInput), Object(Symfony\\Component\\Console\\Output\\ConsoleOutput))
#29 C:\\Users\\SirGohan\\OneDrive\\Documentos\\ProyectoLaravel\\CoinMarketCap\\crypto-investment\\vendor\\symfony\\console\\Application.php(359): Symfony\\Component\\Console\\Application->doRunCommand(Object(Illuminate\\Database\\Console\\Migrations\\MigrateCommand), Object(Symfony\\Component\\Console\\Input\\ArgvInput), Object(Symfony\\Component\\Console\\Output\\ConsoleOutput))
#30 C:\\Users\\SirGohan\\OneDrive\\Documentos\\ProyectoLaravel\\CoinMarketCap\\crypto-investment\\vendor\\symfony\\console\\Application.php(194): Symfony\\Component\\Console\\Application->doRun(Object(Symfony\\Component\\Console\\Input\\ArgvInput), Object(Symfony\\Component\\Console\\Output\\ConsoleOutput))
#31 C:\\Users\\SirGohan\\OneDrive\\Documentos\\ProyectoLaravel\\CoinMarketCap\\crypto-investment\\vendor\\laravel\\framework\\src\\Illuminate\\Foundation\\Console\\Kernel.php(197): Symfony\\Component\\Console\\Application->run(Object(Symfony\\Component\\Console\\Input\\ArgvInput), Object(Symfony\\Component\\Console\\Output\\ConsoleOutput))
#32 C:\\Users\\SirGohan\\OneDrive\\Documentos\\ProyectoLaravel\\CoinMarketCap\\crypto-investment\\vendor\\laravel\\framework\\src\\Illuminate\\Foundation\\Application.php(1235): Illuminate\\Foundation\\Console\\Kernel->handle(Object(Symfony\\Component\\Console\\Input\\ArgvInput), Object(Symfony\\Component\\Console\\Output\\ConsoleOutput))
#33 C:\\Users\\SirGohan\\OneDrive\\Documentos\\ProyectoLaravel\\CoinMarketCap\\crypto-investment\\artisan(16): Illuminate\\Foundation\\Application->handleCommand(Object(Symfony\\Component\\Console\\Input\\ArgvInput))
#34 {main}

[previous exception] [object] (PDOException(code: 42S01): SQLSTATE[42S01]: Base table or view already exists: 1050 Table 'tracked_coins' already exists at C:\\Users\\SirGohan\\OneDrive\\Documentos\\ProyectoLaravel\\CoinMarketCap\\crypto-investment\\vendor\\laravel\\framework\\src\\Illuminate\\Database\\Connection.php:570)
[stacktrace]
#0 C:\\Users\\SirGohan\\OneDrive\\Documentos\\ProyectoLaravel\\CoinMarketCap\\crypto-investment\\vendor\\laravel\\framework\\src\\Illuminate\\Database\\Connection.php(570): PDOStatement->execute()
#1 C:\\Users\\SirGohan\\OneDrive\\Documentos\\ProyectoLaravel\\CoinMarketCap\\crypto-investment\\vendor\\laravel\\framework\\src\\Illuminate\\Database\\Connection.php(811): Illuminate\\Database\\Connection->Illuminate\\Database\\{closure}('create table `t...', Array)
#2 C:\\Users\\SirGohan\\OneDrive\\Documentos\\ProyectoLaravel\\CoinMarketCap\\crypto-investment\\vendor\\laravel\\framework\\src\\Illuminate\\Database\\Connection.php(778): Illuminate\\Database\\Connection->runQueryCallback('create table `t...', Array, Object(Closure))
#3 C:\\Users\\SirGohan\\OneDrive\\Documentos\\ProyectoLaravel\\CoinMarketCap\\crypto-investment\\vendor\\laravel\\framework\\src\\Illuminate\\Database\\Connection.php(559): Illuminate\\Database\\Connection->run('create table `t...', Array, Object(Closure))
#4 C:\\Users\\SirGohan\\OneDrive\\Documentos\\ProyectoLaravel\\CoinMarketCap\\crypto-investment\\vendor\\laravel\\framework\\src\\Illuminate\\Database\\Schema\\Blueprint.php(121): Illuminate\\Database\\Connection->statement('create table `t...')
#5 C:\\Users\\SirGohan\\OneDrive\\Documentos\\ProyectoLaravel\\CoinMarketCap\\crypto-investment\\vendor\\laravel\\framework\\src\\Illuminate\\Database\\Schema\\Builder.php(618): Illuminate\\Database\\Schema\\Blueprint->build()
#6 C:\\Users\\SirGohan\\OneDrive\\Documentos\\ProyectoLaravel\\CoinMarketCap\\crypto-investment\\vendor\\laravel\\framework\\src\\Illuminate\\Database\\Schema\\Builder.php(472): Illuminate\\Database\\Schema\\Builder->build(Object(Illuminate\\Database\\Schema\\Blueprint))
#7 C:\\Users\\SirGohan\\OneDrive\\Documentos\\ProyectoLaravel\\CoinMarketCap\\crypto-investment\\vendor\\laravel\\framework\\src\\Illuminate\\Support\\Facades\\Facade.php(363): Illuminate\\Database\\Schema\\Builder->create('tracked_coins', Object(Closure))
#8 C:\\Users\\SirGohan\\OneDrive\\Documentos\\ProyectoLaravel\\CoinMarketCap\\crypto-investment\\database\\migrations\\2025_10_08_152629_create_tracked_coins_table.php(14): Illuminate\\Support\\Facades\\Facade::__callStatic('create', Array)
#9 C:\\Users\\SirGohan\\OneDrive\\Documentos\\ProyectoLaravel\\CoinMarketCap\\crypto-investment\\vendor\\laravel\\framework\\src\\Illuminate\\Database\\Migrations\\Migrator.php(514): Illuminate\\Database\\Migrations\\Migration@anonymous->up()
#10 C:\\Users\\SirGohan\\OneDrive\\Documentos\\ProyectoLaravel\\CoinMarketCap\\crypto-investment\\vendor\\laravel\\framework\\src\\Illuminate\\Database\\Migrations\\Migrator.php(439): Illuminate\\Database\\Migrations\\Migrator->runMethod(Object(Illuminate\\Database\\MySqlConnection), Object(Illuminate\\Database\\Migrations\\Migration@anonymous), 'up')
#11 C:\\Users\\SirGohan\\OneDrive\\Documentos\\ProyectoLaravel\\CoinMarketCap\\crypto-investment\\vendor\\laravel\\framework\\src\\Illuminate\\Database\\Migrations\\Migrator.php(448): Illuminate\\Database\\Migrations\\Migrator->Illuminate\\Database\\Migrations\\{closure}()
#12 C:\\Users\\SirGohan\\OneDrive\\Documentos\\ProyectoLaravel\\CoinMarketCap\\crypto-investment\\vendor\\laravel\\framework\\src\\Illuminate\\Database\\Migrations\\Migrator.php(250): Illuminate\\Database\\Migrations\\Migrator->runMigration(Object(Illuminate\\Database\\Migrations\\Migration@anonymous), 'up')
#13 C:\\Users\\SirGohan\\OneDrive\\Documentos\\ProyectoLaravel\\CoinMarketCap\\crypto-investment\\vendor\\laravel\\framework\\src\\Illuminate\\Console\\View\\Components\\Task.php(41): Illuminate\\Database\\Migrations\\Migrator->Illuminate\\Database\\Migrations\\{closure}()
#14 C:\\Users\\SirGohan\\OneDrive\\Documentos\\ProyectoLaravel\\CoinMarketCap\\crypto-investment\\vendor\\laravel\\framework\\src\\Illuminate\\Database\\Migrations\\Migrator.php(809): Illuminate\\Console\\View\\Components\\Task->render('2025_10_08_1526...', Object(Closure))
#15 C:\\Users\\SirGohan\\OneDrive\\Documentos\\ProyectoLaravel\\CoinMarketCap\\crypto-investment\\vendor\\laravel\\framework\\src\\Illuminate\\Database\\Migrations\\Migrator.php(250): Illuminate\\Database\\Migrations\\Migrator->write('Illuminate\\\\Cons...', '2025_10_08_1526...', Object(Closure))
#16 C:\\Users\\SirGohan\\OneDrive\\Documentos\\ProyectoLaravel\\CoinMarketCap\\crypto-investment\\vendor\\laravel\\framework\\src\\Illuminate\\Database\\Migrations\\Migrator.php(210): Illuminate\\Database\\Migrations\\Migrator->runUp('C:\\\\Users\\\\SirGoh...', 1, false)
#17 C:\\Users\\SirGohan\\OneDrive\\Documentos\\ProyectoLaravel\\CoinMarketCap\\crypto-investment\\vendor\\laravel\\framework\\src\\Illuminate\\Database\\Migrations\\Migrator.php(137): Illuminate\\Database\\Migrations\\Migrator->runPending(Array, Array)
#18 C:\\Users\\SirGohan\\OneDrive\\Documentos\\ProyectoLaravel\\CoinMarketCap\\crypto-investment\\vendor\\laravel\\framework\\src\\Illuminate\\Database\\Console\\Migrations\\MigrateCommand.php(116): Illuminate\\Database\\Migrations\\Migrator->run(Array, Array)
#19 C:\\Users\\SirGohan\\OneDrive\\Documentos\\ProyectoLaravel\\CoinMarketCap\\crypto-investment\\vendor\\laravel\\framework\\src\\Illuminate\\Database\\Migrations\\Migrator.php(666): Illuminate\\Database\\Console\\Migrations\\MigrateCommand->Illuminate\\Database\\Console\\Migrations\\{closure}()
#20 C:\\Users\\SirGohan\\OneDrive\\Documentos\\ProyectoLaravel\\CoinMarketCap\\crypto-investment\\vendor\\laravel\\framework\\src\\Illuminate\\Database\\Console\\Migrations\\MigrateCommand.php(109): Illuminate\\Database\\Migrations\\Migrator->usingConnection(NULL, Object(Closure))
#21 C:\\Users\\SirGohan\\OneDrive\\Documentos\\ProyectoLaravel\\CoinMarketCap\\crypto-investment\\vendor\\laravel\\framework\\src\\Illuminate\\Database\\Console\\Migrations\\MigrateCommand.php(88): Illuminate\\Database\\Console\\Migrations\\MigrateCommand->runMigrations()
#22 C:\\Users\\SirGohan\\OneDrive\\Documentos\\ProyectoLaravel\\CoinMarketCap\\crypto-investment\\vendor\\laravel\\framework\\src\\Illuminate\\Container\\BoundMethod.php(36): Illuminate\\Database\\Console\\Migrations\\MigrateCommand->handle()
#23 C:\\Users\\SirGohan\\OneDrive\\Documentos\\ProyectoLaravel\\CoinMarketCap\\crypto-investment\\vendor\\laravel\\framework\\src\\Illuminate\\Container\\Util.php(43): Illuminate\\Container\\BoundMethod::Illuminate\\Container\\{closure}()
#24 C:\\Users\\SirGohan\\OneDrive\\Documentos\\ProyectoLaravel\\CoinMarketCap\\crypto-investment\\vendor\\laravel\\framework\\src\\Illuminate\\Container\\BoundMethod.php(96): Illuminate\\Container\\Util::unwrapIfClosure(Object(Closure))
#25 C:\\Users\\SirGohan\\OneDrive\\Documentos\\ProyectoLaravel\\CoinMarketCap\\crypto-investment\\vendor\\laravel\\framework\\src\\Illuminate\\Container\\BoundMethod.php(35): Illuminate\\Container\\BoundMethod::callBoundMethod(Object(Illuminate\\Foundation\\Application), Array, Object(Closure))
#26 C:\\Users\\SirGohan\\OneDrive\\Documentos\\ProyectoLaravel\\CoinMarketCap\\crypto-investment\\vendor\\laravel\\framework\\src\\Illuminate\\Container\\Container.php(836): Illuminate\\Container\\BoundMethod::call(Object(Illuminate\\Foundation\\Application), Array, Array, NULL)
#27 C:\\Users\\SirGohan\\OneDrive\\Documentos\\ProyectoLaravel\\CoinMarketCap\\crypto-investment\\vendor\\laravel\\framework\\src\\Illuminate\\Console\\Command.php(211): Illuminate\\Container\\Container->call(Array)
#28 C:\\Users\\SirGohan\\OneDrive\\Documentos\\ProyectoLaravel\\CoinMarketCap\\crypto-investment\\vendor\\symfony\\console\\Command\\Command.php(318): Illuminate\\Console\\Command->execute(Object(Symfony\\Component\\Console\\Input\\ArgvInput), Object(Illuminate\\Console\\OutputStyle))
#29 C:\\Users\\SirGohan\\OneDrive\\Documentos\\ProyectoLaravel\\CoinMarketCap\\crypto-investment\\vendor\\laravel\\framework\\src\\Illuminate\\Console\\Command.php(180): Symfony\\Component\\Console\\Command\\Command->run(Object(Symfony\\Component\\Console\\Input\\ArgvInput), Object(Illuminate\\Console\\OutputStyle))
#30 C:\\Users\\SirGohan\\OneDrive\\Documentos\\ProyectoLaravel\\CoinMarketCap\\crypto-investment\\vendor\\symfony\\console\\Application.php(1110): Illuminate\\Console\\Command->run(Object(Symfony\\Component\\Console\\Input\\ArgvInput), Object(Symfony\\Component\\Console\\Output\\ConsoleOutput))
#31 C:\\Users\\SirGohan\\OneDrive\\Documentos\\ProyectoLaravel\\CoinMarketCap\\crypto-investment\\vendor\\symfony\\console\\Application.php(359): Symfony\\Component\\Console\\Application->doRunCommand(Object(Illuminate\\Database\\Console\\Migrations\\MigrateCommand), Object(Symfony\\Component\\Console\\Input\\ArgvInput), Object(Symfony\\Component\\Console\\Output\\ConsoleOutput))
#32 C:\\Users\\SirGohan\\OneDrive\\Documentos\\ProyectoLaravel\\CoinMarketCap\\crypto-investment\\vendor\\symfony\\console\\Application.php(194): Symfony\\Component\\Console\\Application->doRun(Object(Symfony\\Component\\Console\\Input\\ArgvInput), Object(Symfony\\Component\\Console\\Output\\ConsoleOutput))
#33 C:\\Users\\SirGohan\\OneDrive\\Documentos\\ProyectoLaravel\\CoinMarketCap\\crypto-investment\\vendor\\laravel\\framework\\src\\Illuminate\\Foundation\\Console\\Kernel.php(197): Symfony\\Component\\Console\\Application->run(Object(Symfony\\Component\\Console\\Input\\ArgvInput), Object(Symfony\\Component\\Console\\Output\\ConsoleOutput))
#34 C:\\Users\\SirGohan\\OneDrive\\Documentos\\ProyectoLaravel\\CoinMarketCap\\crypto-investment\\vendor\\laravel\\framework\\src\\Illuminate\\Foundation\\Application.php(1235): Illuminate\\Foundation\\Console\\Kernel->handle(Object(Symfony\\Component\\Console\\Input\\ArgvInput), Object(Symfony\\Component\\Console\\Output\\ConsoleOutput))
#35 C:\\Users\\SirGohan\\OneDrive\\Documentos\\ProyectoLaravel\\CoinMarketCap\\crypto-investment\\artisan(16): Illuminate\\Foundation\\Application->handleCommand(Object(Symfony\\Component\\Console\\Input\\ArgvInput))
#36 {main}
"} 
